2022-05-19T18:23:45.646+0800 [INFO] springAppName_IS_UNDEFINED com.example.demo.DemoApplication -  Starting DemoApplication using Java 1.8.0_91 on localhost with PID 63872 (/Users/jiangjiankang/java/demo/target/classes started by jiangjiankang in /Users/jiangjiankang/java/demo)
2022-05-19T18:23:45.648+0800 [INFO] springAppName_IS_UNDEFINED com.example.demo.DemoApplication -  No active profile set, falling back to 1 default profile: "default"
2022-05-19T18:23:47.823+0800 [INFO] springAppName_IS_UNDEFINED o.s.b.w.e.tomcat.TomcatWebServer -  Tomcat initialized with port(s): 8080 (http)
2022-05-19T18:23:47.832+0800 [INFO] springAppName_IS_UNDEFINED o.a.coyote.http11.Http11NioProtocol -  Initializing ProtocolHandler ["http-nio-8080"]
2022-05-19T18:23:47.832+0800 [INFO] springAppName_IS_UNDEFINED o.a.catalina.core.StandardService -  Starting service [Tomcat]
2022-05-19T18:23:47.833+0800 [INFO] springAppName_IS_UNDEFINED o.a.catalina.core.StandardEngine -  Starting Servlet engine: [Apache Tomcat/9.0.62]
2022-05-19T18:23:47.960+0800 [INFO] springAppName_IS_UNDEFINED o.a.c.c.C.[Tomcat].[localhost].[/] -  Initializing Spring embedded WebApplicationContext
2022-05-19T18:23:47.960+0800 [INFO] springAppName_IS_UNDEFINED o.s.b.w.s.c.ServletWebServerApplicationContext -  Root WebApplicationContext: initialization completed in 2242 ms
2022-05-19T18:23:48.418+0800 [INFO] springAppName_IS_UNDEFINED o.a.coyote.http11.Http11NioProtocol -  Starting ProtocolHandler ["http-nio-8080"]
2022-05-19T18:23:48.452+0800 [INFO] springAppName_IS_UNDEFINED o.s.b.w.e.tomcat.TomcatWebServer -  Tomcat started on port(s): 8080 (http) with context path ''
2022-05-19T18:23:48.464+0800 [INFO] springAppName_IS_UNDEFINED com.example.demo.DemoApplication -  Started DemoApplication in 5.32 seconds (JVM running for 7.874)
2022-05-19T18:25:03.362+0800 [INFO] springAppName_IS_UNDEFINED o.a.c.c.C.[Tomcat].[localhost].[/] -  Initializing Spring DispatcherServlet 'dispatcherServlet'
2022-05-19T18:25:03.363+0800 [INFO] springAppName_IS_UNDEFINED o.s.web.servlet.DispatcherServlet -  Initializing Servlet 'dispatcherServlet'
2022-05-19T18:25:03.367+0800 [INFO] springAppName_IS_UNDEFINED o.s.web.servlet.DispatcherServlet -  Completed initialization in 4 ms
2022-05-19T18:25:03.455+0800 [WARN] springAppName_IS_UNDEFINED o.s.w.s.m.s.DefaultHandlerExceptionResolver - c1be2a1b-c3c1-426a-87ff-0fb0981b2a9d Resolved [org.springframework.web.HttpMediaTypeNotSupportedException: Content type 'multipart/form-data;boundary=----WebKitFormBoundarycGc4ASOWdYo9jIz8;charset=UTF-8' not supported]
2022-05-19T18:27:43.312+0800 [INFO] springAppName_IS_UNDEFINED com.example.demo.DemoApplication -  Starting DemoApplication using Java 1.8.0_91 on localhost with PID 64177 (/Users/jiangjiankang/java/demo/target/classes started by jiangjiankang in /Users/jiangjiankang/java/demo)
2022-05-19T18:27:43.318+0800 [INFO] springAppName_IS_UNDEFINED com.example.demo.DemoApplication -  No active profile set, falling back to 1 default profile: "default"
2022-05-19T18:27:45.358+0800 [INFO] springAppName_IS_UNDEFINED o.s.b.w.e.tomcat.TomcatWebServer -  Tomcat initialized with port(s): 8080 (http)
2022-05-19T18:27:45.367+0800 [INFO] springAppName_IS_UNDEFINED o.a.coyote.http11.Http11NioProtocol -  Initializing ProtocolHandler ["http-nio-8080"]
2022-05-19T18:27:45.367+0800 [INFO] springAppName_IS_UNDEFINED o.a.catalina.core.StandardService -  Starting service [Tomcat]
2022-05-19T18:27:45.368+0800 [INFO] springAppName_IS_UNDEFINED o.a.catalina.core.StandardEngine -  Starting Servlet engine: [Apache Tomcat/9.0.62]
2022-05-19T18:27:45.645+0800 [INFO] springAppName_IS_UNDEFINED o.a.c.c.C.[Tomcat].[localhost].[/] -  Initializing Spring embedded WebApplicationContext
2022-05-19T18:27:45.645+0800 [INFO] springAppName_IS_UNDEFINED o.s.b.w.s.c.ServletWebServerApplicationContext -  Root WebApplicationContext: initialization completed in 2212 ms
2022-05-19T18:27:46.107+0800 [INFO] springAppName_IS_UNDEFINED o.a.coyote.http11.Http11NioProtocol -  Starting ProtocolHandler ["http-nio-8080"]
2022-05-19T18:27:46.138+0800 [INFO] springAppName_IS_UNDEFINED o.s.b.w.e.tomcat.TomcatWebServer -  Tomcat started on port(s): 8080 (http) with context path ''
2022-05-19T18:27:46.148+0800 [INFO] springAppName_IS_UNDEFINED com.example.demo.DemoApplication -  Started DemoApplication in 3.679 seconds (JVM running for 5.021)
2022-05-19T18:27:55.501+0800 [INFO] springAppName_IS_UNDEFINED o.a.c.c.C.[Tomcat].[localhost].[/] -  Initializing Spring DispatcherServlet 'dispatcherServlet'
2022-05-19T18:27:55.502+0800 [INFO] springAppName_IS_UNDEFINED o.s.web.servlet.DispatcherServlet -  Initializing Servlet 'dispatcherServlet'
2022-05-19T18:27:55.503+0800 [INFO] springAppName_IS_UNDEFINED o.s.web.servlet.DispatcherServlet -  Completed initialization in 1 ms
2022-05-19T18:29:27.797+0800 [INFO] springAppName_IS_UNDEFINED com.example.demo.DemoApplication -  Starting DemoApplication using Java 1.8.0_91 on localhost with PID 64329 (/Users/jiangjiankang/java/demo/target/classes started by jiangjiankang in /Users/jiangjiankang/java/demo)
2022-05-19T18:29:27.829+0800 [INFO] springAppName_IS_UNDEFINED com.example.demo.DemoApplication -  No active profile set, falling back to 1 default profile: "default"
2022-05-19T18:29:29.565+0800 [INFO] springAppName_IS_UNDEFINED o.s.b.w.e.tomcat.TomcatWebServer -  Tomcat initialized with port(s): 8080 (http)
2022-05-19T18:29:29.577+0800 [INFO] springAppName_IS_UNDEFINED o.a.coyote.http11.Http11NioProtocol -  Initializing ProtocolHandler ["http-nio-8080"]
2022-05-19T18:29:29.578+0800 [INFO] springAppName_IS_UNDEFINED o.a.catalina.core.StandardService -  Starting service [Tomcat]
2022-05-19T18:29:29.579+0800 [INFO] springAppName_IS_UNDEFINED o.a.catalina.core.StandardEngine -  Starting Servlet engine: [Apache Tomcat/9.0.62]
2022-05-19T18:29:29.755+0800 [INFO] springAppName_IS_UNDEFINED o.a.c.c.C.[Tomcat].[localhost].[/] -  Initializing Spring embedded WebApplicationContext
2022-05-19T18:29:29.756+0800 [INFO] springAppName_IS_UNDEFINED o.s.b.w.s.c.ServletWebServerApplicationContext -  Root WebApplicationContext: initialization completed in 1843 ms
2022-05-19T18:29:29.861+0800 [DEBUG] springAppName_IS_UNDEFINED o.s.w.f.CommonsRequestLoggingFilter -  Filter 'requestLoggingFilter' configured for use
2022-05-19T18:29:30.324+0800 [INFO] springAppName_IS_UNDEFINED o.a.coyote.http11.Http11NioProtocol -  Starting ProtocolHandler ["http-nio-8080"]
2022-05-19T18:29:30.353+0800 [INFO] springAppName_IS_UNDEFINED o.s.b.w.e.tomcat.TomcatWebServer -  Tomcat started on port(s): 8080 (http) with context path ''
2022-05-19T18:29:30.362+0800 [INFO] springAppName_IS_UNDEFINED com.example.demo.DemoApplication -  Started DemoApplication in 3.563 seconds (JVM running for 4.655)
2022-05-19T18:29:37.253+0800 [INFO] springAppName_IS_UNDEFINED o.a.c.c.C.[Tomcat].[localhost].[/] -  Initializing Spring DispatcherServlet 'dispatcherServlet'
2022-05-19T18:29:37.253+0800 [INFO] springAppName_IS_UNDEFINED o.s.web.servlet.DispatcherServlet -  Initializing Servlet 'dispatcherServlet'
2022-05-19T18:29:37.254+0800 [INFO] springAppName_IS_UNDEFINED o.s.web.servlet.DispatcherServlet -  Completed initialization in 1 ms
2022-05-19T18:29:37.373+0800 [DEBUG] springAppName_IS_UNDEFINED o.s.w.f.CommonsRequestLoggingFilter -  Before request [POST /post?car=haahah, client=0:0:0:0:0:0:0:1, headers=[host:"localhost:8080", connection:"keep-alive", content-length:"32", sec-ch-ua:"" Not A;Brand";v="99", "Chromium";v="101", "Google Chrome";v="101"", cache-control:"no-cache", sec-ch-ua-mobile:"?0", user-agent:"Mozilla/5.0 (Macintosh; Intel Mac OS X 10_15_7) AppleWebKit/537.36 (KHTML, like Gecko) Chrome/101.0.4951.64 Safari/537.36", sec-ch-ua-platform:""macOS"", postman-token:"aee4ea3e-f481-917f-bb22-9eeab27e0631", accept:"*/*", origin:"chrome-extension://fhbjgbiflinjbdggehcddcbncdddomop", sec-fetch-site:"none", sec-fetch-mode:"cors", sec-fetch-dest:"empty", accept-encoding:"gzip, deflate, br", accept-language:"zh-CN,zh;q=0.9,en;q=0.8", Content-Type:"application/json;charset=UTF-8"]]
2022-05-19T18:29:37.465+0800 [DEBUG] springAppName_IS_UNDEFINED o.s.w.f.CommonsRequestLoggingFilter -  After request [POST /post?car=haahah, client=0:0:0:0:0:0:0:1, headers=[host:"localhost:8080", connection:"keep-alive", content-length:"32", sec-ch-ua:"" Not A;Brand";v="99", "Chromium";v="101", "Google Chrome";v="101"", cache-control:"no-cache", sec-ch-ua-mobile:"?0", user-agent:"Mozilla/5.0 (Macintosh; Intel Mac OS X 10_15_7) AppleWebKit/537.36 (KHTML, like Gecko) Chrome/101.0.4951.64 Safari/537.36", sec-ch-ua-platform:""macOS"", postman-token:"aee4ea3e-f481-917f-bb22-9eeab27e0631", accept:"*/*", origin:"chrome-extension://fhbjgbiflinjbdggehcddcbncdddomop", sec-fetch-site:"none", sec-fetch-mode:"cors", sec-fetch-dest:"empty", accept-encoding:"gzip, deflate, br", accept-language:"zh-CN,zh;q=0.9,en;q=0.8", Content-Type:"application/json;charset=UTF-8"], payload={
	"name": "jiang",
	"age": 18
}]
2022-05-19T18:58:01.398+0800 [INFO] springAppName_IS_UNDEFINED com.example.demo.DemoApplication -  Starting DemoApplication using Java 1.8.0_91 on localhost with PID 66562 (/Users/jiangjiankang/java/demo/target/classes started by jiangjiankang in /Users/jiangjiankang/java/demo)
2022-05-19T18:58:01.404+0800 [INFO] springAppName_IS_UNDEFINED com.example.demo.DemoApplication -  No active profile set, falling back to 1 default profile: "default"
2022-05-19T18:58:02.937+0800 [INFO] springAppName_IS_UNDEFINED o.s.b.w.e.tomcat.TomcatWebServer -  Tomcat initialized with port(s): 8080 (http)
2022-05-19T18:58:02.947+0800 [INFO] springAppName_IS_UNDEFINED o.a.coyote.http11.Http11NioProtocol -  Initializing ProtocolHandler ["http-nio-8080"]
2022-05-19T18:58:02.949+0800 [INFO] springAppName_IS_UNDEFINED o.a.catalina.core.StandardService -  Starting service [Tomcat]
2022-05-19T18:58:02.949+0800 [INFO] springAppName_IS_UNDEFINED o.a.catalina.core.StandardEngine -  Starting Servlet engine: [Apache Tomcat/9.0.62]
2022-05-19T18:58:03.096+0800 [INFO] springAppName_IS_UNDEFINED o.a.c.c.C.[Tomcat].[localhost].[/] -  Initializing Spring embedded WebApplicationContext
2022-05-19T18:58:03.097+0800 [INFO] springAppName_IS_UNDEFINED o.s.b.w.s.c.ServletWebServerApplicationContext -  Root WebApplicationContext: initialization completed in 1593 ms
2022-05-19T18:58:03.169+0800 [DEBUG] springAppName_IS_UNDEFINED o.s.w.f.CommonsRequestLoggingFilter -  Filter 'commonsRequestLoggingFilter' configured for use
2022-05-19T18:58:03.564+0800 [INFO] springAppName_IS_UNDEFINED o.a.coyote.http11.Http11NioProtocol -  Starting ProtocolHandler ["http-nio-8080"]
2022-05-19T18:58:03.598+0800 [INFO] springAppName_IS_UNDEFINED o.s.b.w.e.tomcat.TomcatWebServer -  Tomcat started on port(s): 8080 (http) with context path ''
2022-05-19T18:58:03.609+0800 [INFO] springAppName_IS_UNDEFINED com.example.demo.DemoApplication -  Started DemoApplication in 3.326 seconds (JVM running for 4.436)
2022-05-19T18:58:21.422+0800 [INFO] springAppName_IS_UNDEFINED o.a.c.c.C.[Tomcat].[localhost].[/] -  Initializing Spring DispatcherServlet 'dispatcherServlet'
2022-05-19T18:58:21.423+0800 [INFO] springAppName_IS_UNDEFINED o.s.web.servlet.DispatcherServlet -  Initializing Servlet 'dispatcherServlet'
2022-05-19T18:58:21.431+0800 [INFO] springAppName_IS_UNDEFINED o.s.web.servlet.DispatcherServlet -  Completed initialization in 7 ms
2022-05-19T18:58:21.623+0800 [DEBUG] springAppName_IS_UNDEFINED o.s.w.f.CommonsRequestLoggingFilter - c23bd09b-4526-40d7-b5c9-b9442f005d95 Before request [POST /post?car=haahah, headers=[host:"localhost:8080", connection:"keep-alive", content-length:"32", sec-ch-ua:"" Not A;Brand";v="99", "Chromium";v="101", "Google Chrome";v="101"", cache-control:"no-cache", sec-ch-ua-mobile:"?0", user-agent:"Mozilla/5.0 (Macintosh; Intel Mac OS X 10_15_7) AppleWebKit/537.36 (KHTML, like Gecko) Chrome/101.0.4951.64 Safari/537.36", sec-ch-ua-platform:""macOS"", postman-token:"0194c7ce-d8a4-174d-1d9c-365456a280c0", accept:"*/*", origin:"chrome-extension://fhbjgbiflinjbdggehcddcbncdddomop", sec-fetch-site:"none", sec-fetch-mode:"cors", sec-fetch-dest:"empty", accept-encoding:"gzip, deflate, br", accept-language:"zh-CN,zh;q=0.9,en;q=0.8", Content-Type:"application/json;charset=UTF-8"]]
2022-05-19T18:58:21.878+0800 [DEBUG] springAppName_IS_UNDEFINED o.s.w.f.CommonsRequestLoggingFilter - c23bd09b-4526-40d7-b5c9-b9442f005d95 After request [POST /post?car=haahah, headers=[host:"localhost:8080", connection:"keep-alive", content-length:"32", sec-ch-ua:"" Not A;Brand";v="99", "Chromium";v="101", "Google Chrome";v="101"", cache-control:"no-cache", sec-ch-ua-mobile:"?0", user-agent:"Mozilla/5.0 (Macintosh; Intel Mac OS X 10_15_7) AppleWebKit/537.36 (KHTML, like Gecko) Chrome/101.0.4951.64 Safari/537.36", sec-ch-ua-platform:""macOS"", postman-token:"0194c7ce-d8a4-174d-1d9c-365456a280c0", accept:"*/*", origin:"chrome-extension://fhbjgbiflinjbdggehcddcbncdddomop", sec-fetch-site:"none", sec-fetch-mode:"cors", sec-fetch-dest:"empty", accept-encoding:"gzip, deflate, br", accept-language:"zh-CN,zh;q=0.9,en;q=0.8", Content-Type:"application/json;charset=UTF-8"], payload={
	"name": "jiang",
	"age": 18
}]
2022-05-19T18:59:43.149+0800 [DEBUG] springAppName_IS_UNDEFINED o.s.w.f.CommonsRequestLoggingFilter - 11111 Before request [POST /post?car=haahah, headers=[host:"localhost:8080", connection:"keep-alive", content-length:"32", sec-ch-ua:"" Not A;Brand";v="99", "Chromium";v="101", "Google Chrome";v="101"", sec-ch-ua-mobile:"?0", user-agent:"Mozilla/5.0 (Macintosh; Intel Mac OS X 10_15_7) AppleWebKit/537.36 (KHTML, like Gecko) Chrome/101.0.4951.64 Safari/537.36", cache-control:"no-cache", postman-token:"18a8a33e-1e4e-155e-fd73-aa3e68e6af72", x-request-id:"11111", sec-ch-ua-platform:""macOS"", accept:"*/*", origin:"chrome-extension://fhbjgbiflinjbdggehcddcbncdddomop", sec-fetch-site:"none", sec-fetch-mode:"cors", sec-fetch-dest:"empty", accept-encoding:"gzip, deflate, br", accept-language:"zh-CN,zh;q=0.9,en;q=0.8", Content-Type:"application/json;charset=UTF-8"]]
2022-05-19T18:59:43.158+0800 [DEBUG] springAppName_IS_UNDEFINED o.s.w.f.CommonsRequestLoggingFilter - 11111 After request [POST /post?car=haahah, headers=[host:"localhost:8080", connection:"keep-alive", content-length:"32", sec-ch-ua:"" Not A;Brand";v="99", "Chromium";v="101", "Google Chrome";v="101"", sec-ch-ua-mobile:"?0", user-agent:"Mozilla/5.0 (Macintosh; Intel Mac OS X 10_15_7) AppleWebKit/537.36 (KHTML, like Gecko) Chrome/101.0.4951.64 Safari/537.36", cache-control:"no-cache", postman-token:"18a8a33e-1e4e-155e-fd73-aa3e68e6af72", x-request-id:"11111", sec-ch-ua-platform:""macOS"", accept:"*/*", origin:"chrome-extension://fhbjgbiflinjbdggehcddcbncdddomop", sec-fetch-site:"none", sec-fetch-mode:"cors", sec-fetch-dest:"empty", accept-encoding:"gzip, deflate, br", accept-language:"zh-CN,zh;q=0.9,en;q=0.8", Content-Type:"application/json;charset=UTF-8"], payload={
	"name": "jiang",
	"age": 18
}]
2022-05-19T19:05:15.626+0800 [INFO] springAppName_IS_UNDEFINED com.example.demo.DemoApplication -  Starting DemoApplication using Java 1.8.0_91 on localhost with PID 67159 (/Users/jiangjiankang/java/demo/target/classes started by jiangjiankang in /Users/jiangjiankang/java/demo)
2022-05-19T19:05:15.630+0800 [INFO] springAppName_IS_UNDEFINED com.example.demo.DemoApplication -  No active profile set, falling back to 1 default profile: "default"
2022-05-19T19:05:17.335+0800 [INFO] springAppName_IS_UNDEFINED o.s.b.w.e.tomcat.TomcatWebServer -  Tomcat initialized with port(s): 8080 (http)
2022-05-19T19:05:17.351+0800 [INFO] springAppName_IS_UNDEFINED o.a.coyote.http11.Http11NioProtocol -  Initializing ProtocolHandler ["http-nio-8080"]
2022-05-19T19:05:17.351+0800 [INFO] springAppName_IS_UNDEFINED o.a.catalina.core.StandardService -  Starting service [Tomcat]
2022-05-19T19:05:17.352+0800 [INFO] springAppName_IS_UNDEFINED o.a.catalina.core.StandardEngine -  Starting Servlet engine: [Apache Tomcat/9.0.62]
2022-05-19T19:05:17.497+0800 [INFO] springAppName_IS_UNDEFINED o.a.c.c.C.[Tomcat].[localhost].[/] -  Initializing Spring embedded WebApplicationContext
2022-05-19T19:05:17.497+0800 [INFO] springAppName_IS_UNDEFINED o.s.b.w.s.c.ServletWebServerApplicationContext -  Root WebApplicationContext: initialization completed in 1770 ms
2022-05-19T19:05:18.045+0800 [INFO] springAppName_IS_UNDEFINED o.a.coyote.http11.Http11NioProtocol -  Starting ProtocolHandler ["http-nio-8080"]
2022-05-19T19:05:18.080+0800 [INFO] springAppName_IS_UNDEFINED o.s.b.w.e.tomcat.TomcatWebServer -  Tomcat started on port(s): 8080 (http) with context path ''
2022-05-19T19:05:18.091+0800 [INFO] springAppName_IS_UNDEFINED com.example.demo.DemoApplication -  Started DemoApplication in 3.339 seconds (JVM running for 5.598)
2022-05-19T19:05:40.916+0800 [INFO] springAppName_IS_UNDEFINED o.a.c.c.C.[Tomcat].[localhost].[/] -  Initializing Spring DispatcherServlet 'dispatcherServlet'
2022-05-19T19:05:40.916+0800 [INFO] springAppName_IS_UNDEFINED o.s.web.servlet.DispatcherServlet -  Initializing Servlet 'dispatcherServlet'
2022-05-19T19:05:40.922+0800 [INFO] springAppName_IS_UNDEFINED o.s.web.servlet.DispatcherServlet -  Completed initialization in 6 ms
2022-05-19T19:08:59.096+0800 [INFO] springAppName_IS_UNDEFINED com.example.demo.DemoApplication -  Starting DemoApplication using Java 1.8.0_91 on localhost with PID 67435 (/Users/jiangjiankang/java/demo/target/classes started by jiangjiankang in /Users/jiangjiankang/java/demo)
2022-05-19T19:08:59.098+0800 [INFO] springAppName_IS_UNDEFINED com.example.demo.DemoApplication -  No active profile set, falling back to 1 default profile: "default"
2022-05-19T19:09:00.520+0800 [INFO] springAppName_IS_UNDEFINED o.s.b.w.e.tomcat.TomcatWebServer -  Tomcat initialized with port(s): 8080 (http)
2022-05-19T19:09:00.528+0800 [INFO] springAppName_IS_UNDEFINED o.a.coyote.http11.Http11NioProtocol -  Initializing ProtocolHandler ["http-nio-8080"]
2022-05-19T19:09:00.529+0800 [INFO] springAppName_IS_UNDEFINED o.a.catalina.core.StandardService -  Starting service [Tomcat]
2022-05-19T19:09:00.529+0800 [INFO] springAppName_IS_UNDEFINED o.a.catalina.core.StandardEngine -  Starting Servlet engine: [Apache Tomcat/9.0.62]
2022-05-19T19:09:00.649+0800 [INFO] springAppName_IS_UNDEFINED o.a.c.c.C.[Tomcat].[localhost].[/] -  Initializing Spring embedded WebApplicationContext
2022-05-19T19:09:00.649+0800 [INFO] springAppName_IS_UNDEFINED o.s.b.w.s.c.ServletWebServerApplicationContext -  Root WebApplicationContext: initialization completed in 1426 ms
2022-05-19T19:09:00.713+0800 [DEBUG] springAppName_IS_UNDEFINED c.g.f.log.filter.RequestLogFilter -  Filter 'requestLogFilter' configured for use
2022-05-19T19:09:01.221+0800 [INFO] springAppName_IS_UNDEFINED o.a.coyote.http11.Http11NioProtocol -  Starting ProtocolHandler ["http-nio-8080"]
2022-05-19T19:09:01.259+0800 [INFO] springAppName_IS_UNDEFINED o.s.b.w.e.tomcat.TomcatWebServer -  Tomcat started on port(s): 8080 (http) with context path ''
2022-05-19T19:09:01.282+0800 [INFO] springAppName_IS_UNDEFINED com.example.demo.DemoApplication -  Started DemoApplication in 3.097 seconds (JVM running for 4.111)
2022-05-19T19:09:20.663+0800 [INFO] springAppName_IS_UNDEFINED o.a.c.c.C.[Tomcat].[localhost].[/] -  Initializing Spring DispatcherServlet 'dispatcherServlet'
2022-05-19T19:09:20.664+0800 [INFO] springAppName_IS_UNDEFINED o.s.web.servlet.DispatcherServlet -  Initializing Servlet 'dispatcherServlet'
2022-05-19T19:09:20.668+0800 [INFO] springAppName_IS_UNDEFINED o.s.web.servlet.DispatcherServlet -  Completed initialization in 4 ms
2022-05-19T19:09:20.856+0800 [ERROR] springAppName_IS_UNDEFINED c.g.f.log.filter.RequestLogFilter - 11111 Before request [POST /post?car=haahah, headers=[host:"localhost:8080", connection:"keep-alive", content-length:"32", sec-ch-ua:"" Not A;Brand";v="99", "Chromium";v="101", "Google Chrome";v="101"", sec-ch-ua-mobile:"?0", user-agent:"Mozilla/5.0 (Macintosh; Intel Mac OS X 10_15_7) AppleWebKit/537.36 (KHTML, like Gecko) Chrome/101.0.4951.64 Safari/537.36", cache-control:"no-cache", postman-token:"2ae86b5e-e55a-4752-7a8f-1922cf9b1377", x-request-id:"11111", sec-ch-ua-platform:""macOS"", accept:"*/*", origin:"chrome-extension://fhbjgbiflinjbdggehcddcbncdddomop", sec-fetch-site:"none", sec-fetch-mode:"cors", sec-fetch-dest:"empty", accept-encoding:"gzip, deflate, br", accept-language:"zh-CN,zh;q=0.9,en;q=0.8", Content-Type:"application/json;charset=UTF-8"]]
2022-05-19T19:09:21.041+0800 [DEBUG] springAppName_IS_UNDEFINED c.g.f.log.filter.RequestLogFilter - 11111 After request [POST /post?car=haahah, headers=[host:"localhost:8080", connection:"keep-alive", content-length:"32", sec-ch-ua:"" Not A;Brand";v="99", "Chromium";v="101", "Google Chrome";v="101"", sec-ch-ua-mobile:"?0", user-agent:"Mozilla/5.0 (Macintosh; Intel Mac OS X 10_15_7) AppleWebKit/537.36 (KHTML, like Gecko) Chrome/101.0.4951.64 Safari/537.36", cache-control:"no-cache", postman-token:"2ae86b5e-e55a-4752-7a8f-1922cf9b1377", x-request-id:"11111", sec-ch-ua-platform:""macOS"", accept:"*/*", origin:"chrome-extension://fhbjgbiflinjbdggehcddcbncdddomop", sec-fetch-site:"none", sec-fetch-mode:"cors", sec-fetch-dest:"empty", accept-encoding:"gzip, deflate, br", accept-language:"zh-CN,zh;q=0.9,en;q=0.8", Content-Type:"application/json;charset=UTF-8"], payload={
	"name": "jiang",
	"age": 18
}]
2022-05-19T20:12:01.686+0800 [INFO] springAppName_IS_UNDEFINED com.example.demo.DemoApplication -  Starting DemoApplication using Java 1.8.0_91 on localhost with PID 69292 (/Users/jiangjiankang/java/demo/target/classes started by jiangjiankang in /Users/jiangjiankang/java/demo)
2022-05-19T20:12:01.757+0800 [INFO] springAppName_IS_UNDEFINED com.example.demo.DemoApplication -  No active profile set, falling back to 1 default profile: "default"
2022-05-19T20:12:04.832+0800 [INFO] springAppName_IS_UNDEFINED o.s.b.w.e.tomcat.TomcatWebServer -  Tomcat initialized with port(s): 8080 (http)
2022-05-19T20:12:04.845+0800 [INFO] springAppName_IS_UNDEFINED o.a.coyote.http11.Http11NioProtocol -  Initializing ProtocolHandler ["http-nio-8080"]
2022-05-19T20:12:04.846+0800 [INFO] springAppName_IS_UNDEFINED o.a.catalina.core.StandardService -  Starting service [Tomcat]
2022-05-19T20:12:04.846+0800 [INFO] springAppName_IS_UNDEFINED o.a.catalina.core.StandardEngine -  Starting Servlet engine: [Apache Tomcat/9.0.62]
2022-05-19T20:12:05.046+0800 [INFO] springAppName_IS_UNDEFINED o.a.c.c.C.[Tomcat].[localhost].[/] -  Initializing Spring embedded WebApplicationContext
2022-05-19T20:12:05.047+0800 [INFO] springAppName_IS_UNDEFINED o.s.b.w.s.c.ServletWebServerApplicationContext -  Root WebApplicationContext: initialization completed in 3149 ms
2022-05-19T20:12:05.268+0800 [DEBUG] springAppName_IS_UNDEFINED c.g.f.log.filter.RequestLogFilter -  Filter 'requestLogFilter' configured for use
2022-05-19T20:12:06.100+0800 [INFO] springAppName_IS_UNDEFINED o.a.coyote.http11.Http11NioProtocol -  Starting ProtocolHandler ["http-nio-8080"]
2022-05-19T20:12:06.143+0800 [INFO] springAppName_IS_UNDEFINED o.s.b.w.e.tomcat.TomcatWebServer -  Tomcat started on port(s): 8080 (http) with context path ''
2022-05-19T20:12:06.155+0800 [INFO] springAppName_IS_UNDEFINED com.example.demo.DemoApplication -  Started DemoApplication in 7.265 seconds (JVM running for 9.455)
2022-05-19T20:12:22.275+0800 [INFO] springAppName_IS_UNDEFINED o.a.c.c.C.[Tomcat].[localhost].[/] -  Initializing Spring DispatcherServlet 'dispatcherServlet'
2022-05-19T20:12:22.275+0800 [INFO] springAppName_IS_UNDEFINED o.s.web.servlet.DispatcherServlet -  Initializing Servlet 'dispatcherServlet'
2022-05-19T20:12:22.276+0800 [INFO] springAppName_IS_UNDEFINED o.s.web.servlet.DispatcherServlet -  Completed initialization in 1 ms
2022-05-19T20:12:22.302+0800 [ERROR] springAppName_IS_UNDEFINED c.g.f.log.filter.RequestLogFilter - 11111 Before request [POST /post?car=haahah, headers=[host:"localhost:8080", connection:"keep-alive", content-length:"32", sec-ch-ua:"" Not A;Brand";v="99", "Chromium";v="101", "Google Chrome";v="101"", sec-ch-ua-mobile:"?0", user-agent:"Mozilla/5.0 (Macintosh; Intel Mac OS X 10_15_7) AppleWebKit/537.36 (KHTML, like Gecko) Chrome/101.0.4951.64 Safari/537.36", cache-control:"no-cache", postman-token:"c0e750cd-4120-1da5-8742-d22e6206eee0", x-request-id:"11111", sec-ch-ua-platform:""macOS"", accept:"*/*", origin:"chrome-extension://fhbjgbiflinjbdggehcddcbncdddomop", sec-fetch-site:"none", sec-fetch-mode:"cors", sec-fetch-dest:"empty", accept-encoding:"gzip, deflate, br", accept-language:"zh-CN,zh;q=0.9,en;q=0.8", Content-Type:"application/json;charset=UTF-8"]]
2022-05-19T20:12:22.438+0800 [INFO] springAppName_IS_UNDEFINED c.g.f.log.filter.ResponseLogFilter - 11111 response: 
2022-05-19T20:12:22.440+0800 [DEBUG] springAppName_IS_UNDEFINED c.g.f.log.filter.RequestLogFilter - 11111 After request [POST /post?car=haahah, headers=[host:"localhost:8080", connection:"keep-alive", content-length:"32", sec-ch-ua:"" Not A;Brand";v="99", "Chromium";v="101", "Google Chrome";v="101"", sec-ch-ua-mobile:"?0", user-agent:"Mozilla/5.0 (Macintosh; Intel Mac OS X 10_15_7) AppleWebKit/537.36 (KHTML, like Gecko) Chrome/101.0.4951.64 Safari/537.36", cache-control:"no-cache", postman-token:"c0e750cd-4120-1da5-8742-d22e6206eee0", x-request-id:"11111", sec-ch-ua-platform:""macOS"", accept:"*/*", origin:"chrome-extension://fhbjgbiflinjbdggehcddcbncdddomop", sec-fetch-site:"none", sec-fetch-mode:"cors", sec-fetch-dest:"empty", accept-encoding:"gzip, deflate, br", accept-language:"zh-CN,zh;q=0.9,en;q=0.8", Content-Type:"application/json;charset=UTF-8"], payload={
	"name": "jiang",
	"age": 18
}]
2022-05-19T20:12:38.765+0800 [ERROR] springAppName_IS_UNDEFINED c.g.f.log.filter.RequestLogFilter - 11111 Before request [POST /post?car=haahah, headers=[host:"localhost:8080", connection:"keep-alive", content-length:"32", sec-ch-ua:"" Not A;Brand";v="99", "Chromium";v="101", "Google Chrome";v="101"", sec-ch-ua-mobile:"?0", user-agent:"Mozilla/5.0 (Macintosh; Intel Mac OS X 10_15_7) AppleWebKit/537.36 (KHTML, like Gecko) Chrome/101.0.4951.64 Safari/537.36", cache-control:"no-cache", postman-token:"b581f614-4800-cc2c-d463-d41f386eac2f", x-request-id:"11111", sec-ch-ua-platform:""macOS"", accept:"*/*", origin:"chrome-extension://fhbjgbiflinjbdggehcddcbncdddomop", sec-fetch-site:"none", sec-fetch-mode:"cors", sec-fetch-dest:"empty", accept-encoding:"gzip, deflate, br", accept-language:"zh-CN,zh;q=0.9,en;q=0.8", Content-Type:"application/json;charset=UTF-8"]]
2022-05-19T20:12:38.773+0800 [INFO] springAppName_IS_UNDEFINED c.g.f.log.filter.ResponseLogFilter - 11111 response: 
2022-05-19T20:12:38.774+0800 [DEBUG] springAppName_IS_UNDEFINED c.g.f.log.filter.RequestLogFilter - 11111 After request [POST /post?car=haahah, headers=[host:"localhost:8080", connection:"keep-alive", content-length:"32", sec-ch-ua:"" Not A;Brand";v="99", "Chromium";v="101", "Google Chrome";v="101"", sec-ch-ua-mobile:"?0", user-agent:"Mozilla/5.0 (Macintosh; Intel Mac OS X 10_15_7) AppleWebKit/537.36 (KHTML, like Gecko) Chrome/101.0.4951.64 Safari/537.36", cache-control:"no-cache", postman-token:"b581f614-4800-cc2c-d463-d41f386eac2f", x-request-id:"11111", sec-ch-ua-platform:""macOS"", accept:"*/*", origin:"chrome-extension://fhbjgbiflinjbdggehcddcbncdddomop", sec-fetch-site:"none", sec-fetch-mode:"cors", sec-fetch-dest:"empty", accept-encoding:"gzip, deflate, br", accept-language:"zh-CN,zh;q=0.9,en;q=0.8", Content-Type:"application/json;charset=UTF-8"], payload={
	"name": "jiang",
	"age": 18
}]
2022-05-19T20:15:01.797+0800 [INFO] springAppName_IS_UNDEFINED com.example.demo.DemoApplication -  Starting DemoApplication using Java 1.8.0_91 on localhost with PID 69563 (/Users/jiangjiankang/java/demo/target/classes started by jiangjiankang in /Users/jiangjiankang/java/demo)
2022-05-19T20:15:01.800+0800 [INFO] springAppName_IS_UNDEFINED com.example.demo.DemoApplication -  No active profile set, falling back to 1 default profile: "default"
2022-05-19T20:15:03.193+0800 [INFO] springAppName_IS_UNDEFINED o.s.b.w.e.tomcat.TomcatWebServer -  Tomcat initialized with port(s): 8080 (http)
2022-05-19T20:15:03.201+0800 [INFO] springAppName_IS_UNDEFINED o.a.coyote.http11.Http11NioProtocol -  Initializing ProtocolHandler ["http-nio-8080"]
2022-05-19T20:15:03.202+0800 [INFO] springAppName_IS_UNDEFINED o.a.catalina.core.StandardService -  Starting service [Tomcat]
2022-05-19T20:15:03.202+0800 [INFO] springAppName_IS_UNDEFINED o.a.catalina.core.StandardEngine -  Starting Servlet engine: [Apache Tomcat/9.0.62]
2022-05-19T20:15:03.330+0800 [INFO] springAppName_IS_UNDEFINED o.a.c.c.C.[Tomcat].[localhost].[/] -  Initializing Spring embedded WebApplicationContext
2022-05-19T20:15:03.330+0800 [INFO] springAppName_IS_UNDEFINED o.s.b.w.s.c.ServletWebServerApplicationContext -  Root WebApplicationContext: initialization completed in 1449 ms
2022-05-19T20:15:03.388+0800 [DEBUG] springAppName_IS_UNDEFINED c.g.f.log.filter.RequestLogFilter -  Filter 'requestLogFilter' configured for use
2022-05-19T20:15:03.751+0800 [INFO] springAppName_IS_UNDEFINED o.a.coyote.http11.Http11NioProtocol -  Starting ProtocolHandler ["http-nio-8080"]
2022-05-19T20:15:03.781+0800 [INFO] springAppName_IS_UNDEFINED o.s.b.w.e.tomcat.TomcatWebServer -  Tomcat started on port(s): 8080 (http) with context path ''
2022-05-19T20:15:03.791+0800 [INFO] springAppName_IS_UNDEFINED com.example.demo.DemoApplication -  Started DemoApplication in 2.908 seconds (JVM running for 3.881)
2022-05-19T20:15:36.349+0800 [INFO] springAppName_IS_UNDEFINED o.a.c.c.C.[Tomcat].[localhost].[/] -  Initializing Spring DispatcherServlet 'dispatcherServlet'
2022-05-19T20:15:36.351+0800 [INFO] springAppName_IS_UNDEFINED o.s.web.servlet.DispatcherServlet -  Initializing Servlet 'dispatcherServlet'
2022-05-19T20:15:36.362+0800 [INFO] springAppName_IS_UNDEFINED o.s.web.servlet.DispatcherServlet -  Completed initialization in 6 ms
2022-05-19T20:15:36.926+0800 [ERROR] springAppName_IS_UNDEFINED c.g.f.log.filter.RequestLogFilter - 11111 Before request [POST /post?car=haahah, headers=[host:"localhost:8080", connection:"keep-alive", content-length:"32", sec-ch-ua:"" Not A;Brand";v="99", "Chromium";v="101", "Google Chrome";v="101"", sec-ch-ua-mobile:"?0", user-agent:"Mozilla/5.0 (Macintosh; Intel Mac OS X 10_15_7) AppleWebKit/537.36 (KHTML, like Gecko) Chrome/101.0.4951.64 Safari/537.36", cache-control:"no-cache", postman-token:"0fda5a63-a08e-267a-794e-b80d70515989", x-request-id:"11111", sec-ch-ua-platform:""macOS"", accept:"*/*", origin:"chrome-extension://fhbjgbiflinjbdggehcddcbncdddomop", sec-fetch-site:"none", sec-fetch-mode:"cors", sec-fetch-dest:"empty", accept-encoding:"gzip, deflate, br", accept-language:"zh-CN,zh;q=0.9,en;q=0.8", Content-Type:"application/json;charset=UTF-8"]]
2022-05-19T20:15:36.946+0800 [INFO] springAppName_IS_UNDEFINED c.g.f.log.filter.ResponseLogFilter - 11111 response: 
2022-05-19T20:15:37.283+0800 [DEBUG] springAppName_IS_UNDEFINED c.g.f.log.filter.RequestLogFilter - 11111 After request [POST /post?car=haahah, headers=[host:"localhost:8080", connection:"keep-alive", content-length:"32", sec-ch-ua:"" Not A;Brand";v="99", "Chromium";v="101", "Google Chrome";v="101"", sec-ch-ua-mobile:"?0", user-agent:"Mozilla/5.0 (Macintosh; Intel Mac OS X 10_15_7) AppleWebKit/537.36 (KHTML, like Gecko) Chrome/101.0.4951.64 Safari/537.36", cache-control:"no-cache", postman-token:"0fda5a63-a08e-267a-794e-b80d70515989", x-request-id:"11111", sec-ch-ua-platform:""macOS"", accept:"*/*", origin:"chrome-extension://fhbjgbiflinjbdggehcddcbncdddomop", sec-fetch-site:"none", sec-fetch-mode:"cors", sec-fetch-dest:"empty", accept-encoding:"gzip, deflate, br", accept-language:"zh-CN,zh;q=0.9,en;q=0.8", Content-Type:"application/json;charset=UTF-8"], payload={
	"name": "jiang",
	"age": 18
}]
2022-05-19T20:15:46.951+0800 [ERROR] springAppName_IS_UNDEFINED c.g.f.log.filter.RequestLogFilter - 11111 Before request [POST /post?car=haahah, headers=[host:"localhost:8080", connection:"keep-alive", content-length:"32", sec-ch-ua:"" Not A;Brand";v="99", "Chromium";v="101", "Google Chrome";v="101"", sec-ch-ua-mobile:"?0", user-agent:"Mozilla/5.0 (Macintosh; Intel Mac OS X 10_15_7) AppleWebKit/537.36 (KHTML, like Gecko) Chrome/101.0.4951.64 Safari/537.36", cache-control:"no-cache", postman-token:"c31045a8-71df-b6bd-4eb7-07c87603c405", x-request-id:"11111", sec-ch-ua-platform:""macOS"", accept:"*/*", origin:"chrome-extension://fhbjgbiflinjbdggehcddcbncdddomop", sec-fetch-site:"none", sec-fetch-mode:"cors", sec-fetch-dest:"empty", accept-encoding:"gzip, deflate, br", accept-language:"zh-CN,zh;q=0.9,en;q=0.8", Content-Type:"application/json;charset=UTF-8"]]
2022-05-19T20:15:46.951+0800 [INFO] springAppName_IS_UNDEFINED c.g.f.log.filter.ResponseLogFilter - 11111 response: 
2022-05-19T20:15:46.964+0800 [DEBUG] springAppName_IS_UNDEFINED c.g.f.log.filter.RequestLogFilter - 11111 After request [POST /post?car=haahah, headers=[host:"localhost:8080", connection:"keep-alive", content-length:"32", sec-ch-ua:"" Not A;Brand";v="99", "Chromium";v="101", "Google Chrome";v="101"", sec-ch-ua-mobile:"?0", user-agent:"Mozilla/5.0 (Macintosh; Intel Mac OS X 10_15_7) AppleWebKit/537.36 (KHTML, like Gecko) Chrome/101.0.4951.64 Safari/537.36", cache-control:"no-cache", postman-token:"c31045a8-71df-b6bd-4eb7-07c87603c405", x-request-id:"11111", sec-ch-ua-platform:""macOS"", accept:"*/*", origin:"chrome-extension://fhbjgbiflinjbdggehcddcbncdddomop", sec-fetch-site:"none", sec-fetch-mode:"cors", sec-fetch-dest:"empty", accept-encoding:"gzip, deflate, br", accept-language:"zh-CN,zh;q=0.9,en;q=0.8", Content-Type:"application/json;charset=UTF-8"], payload={
	"name": "jiang",
	"age": 18
}]
2022-05-19T20:21:43.685+0800 [INFO] springAppName_IS_UNDEFINED com.example.demo.DemoApplication -  Starting DemoApplication using Java 1.8.0_91 on localhost with PID 70124 (/Users/jiangjiankang/java/demo/target/classes started by jiangjiankang in /Users/jiangjiankang/java/demo)
2022-05-19T20:21:43.689+0800 [INFO] springAppName_IS_UNDEFINED com.example.demo.DemoApplication -  No active profile set, falling back to 1 default profile: "default"
2022-05-19T20:21:46.461+0800 [INFO] springAppName_IS_UNDEFINED o.s.b.w.e.tomcat.TomcatWebServer -  Tomcat initialized with port(s): 8080 (http)
2022-05-19T20:21:46.474+0800 [INFO] springAppName_IS_UNDEFINED o.a.coyote.http11.Http11NioProtocol -  Initializing ProtocolHandler ["http-nio-8080"]
2022-05-19T20:21:46.475+0800 [INFO] springAppName_IS_UNDEFINED o.a.catalina.core.StandardService -  Starting service [Tomcat]
2022-05-19T20:21:46.475+0800 [INFO] springAppName_IS_UNDEFINED o.a.catalina.core.StandardEngine -  Starting Servlet engine: [Apache Tomcat/9.0.62]
2022-05-19T20:21:46.627+0800 [INFO] springAppName_IS_UNDEFINED o.a.c.c.C.[Tomcat].[localhost].[/] -  Initializing Spring embedded WebApplicationContext
2022-05-19T20:21:46.627+0800 [INFO] springAppName_IS_UNDEFINED o.s.b.w.s.c.ServletWebServerApplicationContext -  Root WebApplicationContext: initialization completed in 2687 ms
2022-05-19T20:21:47.278+0800 [INFO] springAppName_IS_UNDEFINED o.a.coyote.http11.Http11NioProtocol -  Starting ProtocolHandler ["http-nio-8080"]
2022-05-19T20:21:47.320+0800 [INFO] springAppName_IS_UNDEFINED o.s.b.w.e.tomcat.TomcatWebServer -  Tomcat started on port(s): 8080 (http) with context path ''
2022-05-19T20:21:47.333+0800 [INFO] springAppName_IS_UNDEFINED com.example.demo.DemoApplication -  Started DemoApplication in 4.679 seconds (JVM running for 6.108)
2022-05-19T20:21:56.207+0800 [INFO] springAppName_IS_UNDEFINED o.a.c.c.C.[Tomcat].[localhost].[/] -  Initializing Spring DispatcherServlet 'dispatcherServlet'
2022-05-19T20:21:56.208+0800 [INFO] springAppName_IS_UNDEFINED o.s.web.servlet.DispatcherServlet -  Initializing Servlet 'dispatcherServlet'
2022-05-19T20:21:56.210+0800 [INFO] springAppName_IS_UNDEFINED o.s.web.servlet.DispatcherServlet -  Completed initialization in 2 ms
2022-05-19T20:21:56.440+0800 [INFO] springAppName_IS_UNDEFINED c.g.f.l.i.RequestIDLogInterceptor - 11111 request: 
 response 
2022-05-19T20:27:06.481+0800 [INFO] springAppName_IS_UNDEFINED com.example.demo.DemoApplication -  Starting DemoApplication using Java 1.8.0_91 on localhost with PID 70590 (/Users/jiangjiankang/java/demo/target/classes started by jiangjiankang in /Users/jiangjiankang/java/demo)
2022-05-19T20:27:06.483+0800 [INFO] springAppName_IS_UNDEFINED com.example.demo.DemoApplication -  No active profile set, falling back to 1 default profile: "default"
2022-05-19T20:27:08.587+0800 [INFO] springAppName_IS_UNDEFINED o.s.b.w.e.tomcat.TomcatWebServer -  Tomcat initialized with port(s): 8080 (http)
2022-05-19T20:27:08.632+0800 [INFO] springAppName_IS_UNDEFINED o.a.coyote.http11.Http11NioProtocol -  Initializing ProtocolHandler ["http-nio-8080"]
2022-05-19T20:27:08.633+0800 [INFO] springAppName_IS_UNDEFINED o.a.catalina.core.StandardService -  Starting service [Tomcat]
2022-05-19T20:27:08.634+0800 [INFO] springAppName_IS_UNDEFINED o.a.catalina.core.StandardEngine -  Starting Servlet engine: [Apache Tomcat/9.0.62]
2022-05-19T20:27:08.894+0800 [INFO] springAppName_IS_UNDEFINED o.a.c.c.C.[Tomcat].[localhost].[/] -  Initializing Spring embedded WebApplicationContext
2022-05-19T20:27:08.894+0800 [INFO] springAppName_IS_UNDEFINED o.s.b.w.s.c.ServletWebServerApplicationContext -  Root WebApplicationContext: initialization completed in 2282 ms
2022-05-19T20:27:09.472+0800 [INFO] springAppName_IS_UNDEFINED o.a.coyote.http11.Http11NioProtocol -  Starting ProtocolHandler ["http-nio-8080"]
2022-05-19T20:27:09.514+0800 [INFO] springAppName_IS_UNDEFINED o.s.b.w.e.tomcat.TomcatWebServer -  Tomcat started on port(s): 8080 (http) with context path ''
2022-05-19T20:27:09.527+0800 [INFO] springAppName_IS_UNDEFINED com.example.demo.DemoApplication -  Started DemoApplication in 3.903 seconds (JVM running for 5.532)
2022-05-19T20:27:18.988+0800 [INFO] springAppName_IS_UNDEFINED o.a.c.c.C.[Tomcat].[localhost].[/] -  Initializing Spring DispatcherServlet 'dispatcherServlet'
2022-05-19T20:27:18.988+0800 [INFO] springAppName_IS_UNDEFINED o.s.web.servlet.DispatcherServlet -  Initializing Servlet 'dispatcherServlet'
2022-05-19T20:27:18.990+0800 [INFO] springAppName_IS_UNDEFINED o.s.web.servlet.DispatcherServlet -  Completed initialization in 2 ms
2022-05-19T20:27:19.119+0800 [INFO] springAppName_IS_UNDEFINED c.g.f.l.i.RequestIDLogInterceptor - 11111 request: 
 response 
