2022-05-20T08:27:49.961+0800 [INFO] springAppName_IS_UNDEFINED com.example.demo.DemoApplication -  Starting DemoApplication using Java 1.8.0_91 on localhost with PID 76375 (/Users/jiangjiankang/java/demo/target/classes started by jiangjiankang in /Users/jiangjiankang/java/demo)
2022-05-20T08:27:49.963+0800 [INFO] springAppName_IS_UNDEFINED com.example.demo.DemoApplication -  No active profile set, falling back to 1 default profile: "default"
2022-05-20T08:27:51.243+0800 [WARN] springAppName_IS_UNDEFINED o.s.b.w.s.c.AnnotationConfigServletWebServerApplicationContext -  Exception encountered during context initialization - cancelling refresh attempt: org.springframework.beans.factory.BeanDefinitionStoreException: Failed to process import candidates for configuration class [com.example.demo.DemoApplication]; nested exception is org.springframework.context.annotation.ConflictingBeanDefinitionException: Annotation-specified bean name 'MVCConfigure' for bean class [com.guazi.finance.log.config.MVCConfigure] conflicts with existing, non-compatible bean definition of same name and class [com.example.demo.config.MVCConfigure]
2022-05-20T08:27:51.256+0800 [INFO] springAppName_IS_UNDEFINED o.s.b.a.l.ConditionEvaluationReportLoggingListener -  

Error starting ApplicationContext. To display the conditions report re-run your application with 'debug' enabled.
2022-05-20T08:27:51.306+0800 [ERROR] springAppName_IS_UNDEFINED o.s.boot.SpringApplication -  Application run failed
org.springframework.beans.factory.BeanDefinitionStoreException: Failed to process import candidates for configuration class [com.example.demo.DemoApplication]; nested exception is org.springframework.context.annotation.ConflictingBeanDefinitionException: Annotation-specified bean name 'MVCConfigure' for bean class [com.guazi.finance.log.config.MVCConfigure] conflicts with existing, non-compatible bean definition of same name and class [com.example.demo.config.MVCConfigure]
	at org.springframework.context.annotation.ConfigurationClassParser.processImports(ConfigurationClassParser.java:610)
	at org.springframework.context.annotation.ConfigurationClassParser.access$800(ConfigurationClassParser.java:111)
	at org.springframework.context.annotation.ConfigurationClassParser$DeferredImportSelectorGroupingHandler.lambda$processGroupImports$1(ConfigurationClassParser.java:812)
	at java.util.ArrayList.forEach(ArrayList.java:1249)
	at org.springframework.context.annotation.ConfigurationClassParser$DeferredImportSelectorGroupingHandler.processGroupImports(ConfigurationClassParser.java:809)
	at org.springframework.context.annotation.ConfigurationClassParser$DeferredImportSelectorHandler.process(ConfigurationClassParser.java:780)
	at org.springframework.context.annotation.ConfigurationClassParser.parse(ConfigurationClassParser.java:193)
	at org.springframework.context.annotation.ConfigurationClassPostProcessor.processConfigBeanDefinitions(ConfigurationClassPostProcessor.java:331)
	at org.springframework.context.annotation.ConfigurationClassPostProcessor.postProcessBeanDefinitionRegistry(ConfigurationClassPostProcessor.java:247)
	at org.springframework.context.support.PostProcessorRegistrationDelegate.invokeBeanDefinitionRegistryPostProcessors(PostProcessorRegistrationDelegate.java:311)
	at org.springframework.context.support.PostProcessorRegistrationDelegate.invokeBeanFactoryPostProcessors(PostProcessorRegistrationDelegate.java:112)
	at org.springframework.context.support.AbstractApplicationContext.invokeBeanFactoryPostProcessors(AbstractApplicationContext.java:746)
	at org.springframework.context.support.AbstractApplicationContext.refresh(AbstractApplicationContext.java:564)
	at org.springframework.boot.web.servlet.context.ServletWebServerApplicationContext.refresh(ServletWebServerApplicationContext.java:145)
	at org.springframework.boot.SpringApplication.refresh(SpringApplication.java:740)
	at org.springframework.boot.SpringApplication.refreshContext(SpringApplication.java:415)
	at org.springframework.boot.SpringApplication.run(SpringApplication.java:303)
	at org.springframework.boot.SpringApplication.run(SpringApplication.java:1312)
	at org.springframework.boot.SpringApplication.run(SpringApplication.java:1301)
	at com.example.demo.DemoApplication.main(DemoApplication.java:10)
Caused by: org.springframework.context.annotation.ConflictingBeanDefinitionException: Annotation-specified bean name 'MVCConfigure' for bean class [com.guazi.finance.log.config.MVCConfigure] conflicts with existing, non-compatible bean definition of same name and class [com.example.demo.config.MVCConfigure]
	at org.springframework.context.annotation.ClassPathBeanDefinitionScanner.checkCandidate(ClassPathBeanDefinitionScanner.java:349)
	at org.springframework.context.annotation.ClassPathBeanDefinitionScanner.doScan(ClassPathBeanDefinitionScanner.java:287)
	at org.springframework.context.annotation.ComponentScanAnnotationParser.parse(ComponentScanAnnotationParser.java:128)
	at org.springframework.context.annotation.ConfigurationClassParser.doProcessConfigurationClass(ConfigurationClassParser.java:296)
	at org.springframework.context.annotation.ConfigurationClassParser.processConfigurationClass(ConfigurationClassParser.java:250)
	at org.springframework.context.annotation.ConfigurationClassParser.processImports(ConfigurationClassParser.java:600)
	... 19 common frames omitted
2022-05-20T10:59:06.689+0800 [INFO] springAppName_IS_UNDEFINED com.example.demo.DemoApplication -  Starting DemoApplication using Java 1.8.0_91 on localhost with PID 88144 (/Users/jiangjiankang/java/demo/target/classes started by jiangjiankang in /Users/jiangjiankang/java/demo)
2022-05-20T10:59:06.691+0800 [INFO] springAppName_IS_UNDEFINED com.example.demo.DemoApplication -  No active profile set, falling back to 1 default profile: "default"
2022-05-20T10:59:07.352+0800 [WARN] springAppName_IS_UNDEFINED o.s.b.w.s.c.AnnotationConfigServletWebServerApplicationContext -  Exception encountered during context initialization - cancelling refresh attempt: org.springframework.beans.factory.BeanDefinitionStoreException: Failed to process import candidates for configuration class [com.example.demo.DemoApplication]; nested exception is org.springframework.context.annotation.ConflictingBeanDefinitionException: Annotation-specified bean name 'MVCConfigure' for bean class [com.guazi.finance.log.config.MVCConfigure] conflicts with existing, non-compatible bean definition of same name and class [com.example.demo.config.MVCConfigure]
2022-05-20T10:59:07.364+0800 [INFO] springAppName_IS_UNDEFINED o.s.b.a.l.ConditionEvaluationReportLoggingListener -  

Error starting ApplicationContext. To display the conditions report re-run your application with 'debug' enabled.
2022-05-20T10:59:07.424+0800 [ERROR] springAppName_IS_UNDEFINED o.s.boot.SpringApplication -  Application run failed
org.springframework.beans.factory.BeanDefinitionStoreException: Failed to process import candidates for configuration class [com.example.demo.DemoApplication]; nested exception is org.springframework.context.annotation.ConflictingBeanDefinitionException: Annotation-specified bean name 'MVCConfigure' for bean class [com.guazi.finance.log.config.MVCConfigure] conflicts with existing, non-compatible bean definition of same name and class [com.example.demo.config.MVCConfigure]
	at org.springframework.context.annotation.ConfigurationClassParser.processImports(ConfigurationClassParser.java:610)
	at org.springframework.context.annotation.ConfigurationClassParser.access$800(ConfigurationClassParser.java:111)
	at org.springframework.context.annotation.ConfigurationClassParser$DeferredImportSelectorGroupingHandler.lambda$processGroupImports$1(ConfigurationClassParser.java:812)
	at java.util.ArrayList.forEach(ArrayList.java:1249)
	at org.springframework.context.annotation.ConfigurationClassParser$DeferredImportSelectorGroupingHandler.processGroupImports(ConfigurationClassParser.java:809)
	at org.springframework.context.annotation.ConfigurationClassParser$DeferredImportSelectorHandler.process(ConfigurationClassParser.java:780)
	at org.springframework.context.annotation.ConfigurationClassParser.parse(ConfigurationClassParser.java:193)
	at org.springframework.context.annotation.ConfigurationClassPostProcessor.processConfigBeanDefinitions(ConfigurationClassPostProcessor.java:331)
	at org.springframework.context.annotation.ConfigurationClassPostProcessor.postProcessBeanDefinitionRegistry(ConfigurationClassPostProcessor.java:247)
	at org.springframework.context.support.PostProcessorRegistrationDelegate.invokeBeanDefinitionRegistryPostProcessors(PostProcessorRegistrationDelegate.java:311)
	at org.springframework.context.support.PostProcessorRegistrationDelegate.invokeBeanFactoryPostProcessors(PostProcessorRegistrationDelegate.java:112)
	at org.springframework.context.support.AbstractApplicationContext.invokeBeanFactoryPostProcessors(AbstractApplicationContext.java:746)
	at org.springframework.context.support.AbstractApplicationContext.refresh(AbstractApplicationContext.java:564)
	at org.springframework.boot.web.servlet.context.ServletWebServerApplicationContext.refresh(ServletWebServerApplicationContext.java:145)
	at org.springframework.boot.SpringApplication.refresh(SpringApplication.java:740)
	at org.springframework.boot.SpringApplication.refreshContext(SpringApplication.java:415)
	at org.springframework.boot.SpringApplication.run(SpringApplication.java:303)
	at org.springframework.boot.SpringApplication.run(SpringApplication.java:1312)
	at org.springframework.boot.SpringApplication.run(SpringApplication.java:1301)
	at com.example.demo.DemoApplication.main(DemoApplication.java:10)
Caused by: org.springframework.context.annotation.ConflictingBeanDefinitionException: Annotation-specified bean name 'MVCConfigure' for bean class [com.guazi.finance.log.config.MVCConfigure] conflicts with existing, non-compatible bean definition of same name and class [com.example.demo.config.MVCConfigure]
	at org.springframework.context.annotation.ClassPathBeanDefinitionScanner.checkCandidate(ClassPathBeanDefinitionScanner.java:349)
	at org.springframework.context.annotation.ClassPathBeanDefinitionScanner.doScan(ClassPathBeanDefinitionScanner.java:287)
	at org.springframework.context.annotation.ComponentScanAnnotationParser.parse(ComponentScanAnnotationParser.java:128)
	at org.springframework.context.annotation.ConfigurationClassParser.doProcessConfigurationClass(ConfigurationClassParser.java:296)
	at org.springframework.context.annotation.ConfigurationClassParser.processConfigurationClass(ConfigurationClassParser.java:250)
	at org.springframework.context.annotation.ConfigurationClassParser.processImports(ConfigurationClassParser.java:600)
	... 19 common frames omitted
2022-05-20T10:59:45.924+0800 [INFO] springAppName_IS_UNDEFINED com.example.demo.DemoApplication -  Starting DemoApplication using Java 1.8.0_91 on localhost with PID 88198 (/Users/jiangjiankang/java/demo/target/classes started by jiangjiankang in /Users/jiangjiankang/java/demo)
2022-05-20T10:59:45.926+0800 [INFO] springAppName_IS_UNDEFINED com.example.demo.DemoApplication -  No active profile set, falling back to 1 default profile: "default"
2022-05-20T10:59:48.126+0800 [INFO] springAppName_IS_UNDEFINED o.s.b.w.e.tomcat.TomcatWebServer -  Tomcat initialized with port(s): 8080 (http)
2022-05-20T10:59:48.139+0800 [INFO] springAppName_IS_UNDEFINED o.a.coyote.http11.Http11NioProtocol -  Initializing ProtocolHandler ["http-nio-8080"]
2022-05-20T10:59:48.140+0800 [INFO] springAppName_IS_UNDEFINED o.a.catalina.core.StandardService -  Starting service [Tomcat]
2022-05-20T10:59:48.141+0800 [INFO] springAppName_IS_UNDEFINED o.a.catalina.core.StandardEngine -  Starting Servlet engine: [Apache Tomcat/9.0.62]
2022-05-20T10:59:48.417+0800 [INFO] springAppName_IS_UNDEFINED o.a.c.c.C.[Tomcat].[localhost].[/] -  Initializing Spring embedded WebApplicationContext
2022-05-20T10:59:48.417+0800 [INFO] springAppName_IS_UNDEFINED o.s.b.w.s.c.ServletWebServerApplicationContext -  Root WebApplicationContext: initialization completed in 2395 ms
2022-05-20T10:59:48.981+0800 [INFO] springAppName_IS_UNDEFINED o.a.coyote.http11.Http11NioProtocol -  Starting ProtocolHandler ["http-nio-8080"]
2022-05-20T10:59:49.024+0800 [INFO] springAppName_IS_UNDEFINED o.s.b.w.e.tomcat.TomcatWebServer -  Tomcat started on port(s): 8080 (http) with context path ''
2022-05-20T10:59:49.034+0800 [INFO] springAppName_IS_UNDEFINED com.example.demo.DemoApplication -  Started DemoApplication in 3.839 seconds (JVM running for 5.23)
2022-05-20T10:59:56.258+0800 [INFO] springAppName_IS_UNDEFINED o.a.c.c.C.[Tomcat].[localhost].[/] -  Initializing Spring DispatcherServlet 'dispatcherServlet'
2022-05-20T10:59:56.258+0800 [INFO] springAppName_IS_UNDEFINED o.s.web.servlet.DispatcherServlet -  Initializing Servlet 'dispatcherServlet'
2022-05-20T10:59:56.261+0800 [INFO] springAppName_IS_UNDEFINED o.s.web.servlet.DispatcherServlet -  Completed initialization in 3 ms
2022-05-20T11:01:38.008+0800 [INFO] springAppName_IS_UNDEFINED com.example.demo.DemoApplication -  Starting DemoApplication using Java 1.8.0_91 on localhost with PID 88343 (/Users/jiangjiankang/java/demo/target/classes started by jiangjiankang in /Users/jiangjiankang/java/demo)
2022-05-20T11:01:38.010+0800 [INFO] springAppName_IS_UNDEFINED com.example.demo.DemoApplication -  No active profile set, falling back to 1 default profile: "default"
2022-05-20T11:01:40.048+0800 [INFO] springAppName_IS_UNDEFINED o.s.b.w.e.tomcat.TomcatWebServer -  Tomcat initialized with port(s): 8080 (http)
2022-05-20T11:01:40.060+0800 [INFO] springAppName_IS_UNDEFINED o.a.coyote.http11.Http11NioProtocol -  Initializing ProtocolHandler ["http-nio-8080"]
2022-05-20T11:01:40.061+0800 [INFO] springAppName_IS_UNDEFINED o.a.catalina.core.StandardService -  Starting service [Tomcat]
2022-05-20T11:01:40.061+0800 [INFO] springAppName_IS_UNDEFINED o.a.catalina.core.StandardEngine -  Starting Servlet engine: [Apache Tomcat/9.0.62]
2022-05-20T11:01:40.297+0800 [INFO] springAppName_IS_UNDEFINED o.a.c.c.C.[Tomcat].[localhost].[/] -  Initializing Spring embedded WebApplicationContext
2022-05-20T11:01:40.298+0800 [INFO] springAppName_IS_UNDEFINED o.s.b.w.s.c.ServletWebServerApplicationContext -  Root WebApplicationContext: initialization completed in 2180 ms
2022-05-20T11:01:40.856+0800 [INFO] springAppName_IS_UNDEFINED o.a.coyote.http11.Http11NioProtocol -  Starting ProtocolHandler ["http-nio-8080"]
2022-05-20T11:01:40.889+0800 [INFO] springAppName_IS_UNDEFINED o.s.b.w.e.tomcat.TomcatWebServer -  Tomcat started on port(s): 8080 (http) with context path ''
2022-05-20T11:01:40.899+0800 [INFO] springAppName_IS_UNDEFINED com.example.demo.DemoApplication -  Started DemoApplication in 3.79 seconds (JVM running for 4.758)
2022-05-20T11:01:48.115+0800 [INFO] springAppName_IS_UNDEFINED o.a.c.c.C.[Tomcat].[localhost].[/] -  Initializing Spring DispatcherServlet 'dispatcherServlet'
2022-05-20T11:01:48.116+0800 [INFO] springAppName_IS_UNDEFINED o.s.web.servlet.DispatcherServlet -  Initializing Servlet 'dispatcherServlet'
2022-05-20T11:01:48.117+0800 [INFO] springAppName_IS_UNDEFINED o.s.web.servlet.DispatcherServlet -  Completed initialization in 1 ms
2022-05-20T11:04:36.745+0800 [INFO] springAppName_IS_UNDEFINED com.example.demo.DemoApplication -  Starting DemoApplication using Java 1.8.0_91 on localhost with PID 88596 (/Users/jiangjiankang/java/demo/target/classes started by jiangjiankang in /Users/jiangjiankang/java/demo)
2022-05-20T11:04:36.747+0800 [INFO] springAppName_IS_UNDEFINED com.example.demo.DemoApplication -  No active profile set, falling back to 1 default profile: "default"
2022-05-20T11:04:40.435+0800 [INFO] springAppName_IS_UNDEFINED o.s.b.w.e.tomcat.TomcatWebServer -  Tomcat initialized with port(s): 8080 (http)
2022-05-20T11:04:40.448+0800 [INFO] springAppName_IS_UNDEFINED o.a.coyote.http11.Http11NioProtocol -  Initializing ProtocolHandler ["http-nio-8080"]
2022-05-20T11:04:40.449+0800 [INFO] springAppName_IS_UNDEFINED o.a.catalina.core.StandardService -  Starting service [Tomcat]
2022-05-20T11:04:40.449+0800 [INFO] springAppName_IS_UNDEFINED o.a.catalina.core.StandardEngine -  Starting Servlet engine: [Apache Tomcat/9.0.62]
2022-05-20T11:04:40.653+0800 [INFO] springAppName_IS_UNDEFINED o.a.c.c.C.[Tomcat].[localhost].[/] -  Initializing Spring embedded WebApplicationContext
2022-05-20T11:04:40.653+0800 [INFO] springAppName_IS_UNDEFINED o.s.b.w.s.c.ServletWebServerApplicationContext -  Root WebApplicationContext: initialization completed in 3445 ms
2022-05-20T11:04:41.304+0800 [INFO] springAppName_IS_UNDEFINED o.a.coyote.http11.Http11NioProtocol -  Starting ProtocolHandler ["http-nio-8080"]
2022-05-20T11:04:41.344+0800 [INFO] springAppName_IS_UNDEFINED o.s.b.w.e.tomcat.TomcatWebServer -  Tomcat started on port(s): 8080 (http) with context path ''
2022-05-20T11:04:41.355+0800 [INFO] springAppName_IS_UNDEFINED com.example.demo.DemoApplication -  Started DemoApplication in 5.871 seconds (JVM running for 7.006)
2022-05-20T11:04:47.999+0800 [INFO] springAppName_IS_UNDEFINED o.a.c.c.C.[Tomcat].[localhost].[/] -  Initializing Spring DispatcherServlet 'dispatcherServlet'
2022-05-20T11:04:47.999+0800 [INFO] springAppName_IS_UNDEFINED o.s.web.servlet.DispatcherServlet -  Initializing Servlet 'dispatcherServlet'
2022-05-20T11:04:48.001+0800 [INFO] springAppName_IS_UNDEFINED o.s.web.servlet.DispatcherServlet -  Completed initialization in 1 ms
2022-05-20T11:05:45.325+0800 [INFO] springAppName_IS_UNDEFINED com.example.demo.DemoApplication -  Starting DemoApplication using Java 1.8.0_91 on localhost with PID 88678 (/Users/jiangjiankang/java/demo/target/classes started by jiangjiankang in /Users/jiangjiankang/java/demo)
2022-05-20T11:05:45.329+0800 [INFO] springAppName_IS_UNDEFINED com.example.demo.DemoApplication -  No active profile set, falling back to 1 default profile: "default"
2022-05-20T11:05:49.027+0800 [INFO] springAppName_IS_UNDEFINED o.s.b.w.e.tomcat.TomcatWebServer -  Tomcat initialized with port(s): 8080 (http)
2022-05-20T11:05:49.041+0800 [INFO] springAppName_IS_UNDEFINED o.a.coyote.http11.Http11NioProtocol -  Initializing ProtocolHandler ["http-nio-8080"]
2022-05-20T11:05:49.043+0800 [INFO] springAppName_IS_UNDEFINED o.a.catalina.core.StandardService -  Starting service [Tomcat]
2022-05-20T11:05:49.044+0800 [INFO] springAppName_IS_UNDEFINED o.a.catalina.core.StandardEngine -  Starting Servlet engine: [Apache Tomcat/9.0.62]
2022-05-20T11:05:49.227+0800 [INFO] springAppName_IS_UNDEFINED o.a.c.c.C.[Tomcat].[localhost].[/] -  Initializing Spring embedded WebApplicationContext
2022-05-20T11:05:49.227+0800 [INFO] springAppName_IS_UNDEFINED o.s.b.w.s.c.ServletWebServerApplicationContext -  Root WebApplicationContext: initialization completed in 3684 ms
2022-05-20T11:05:50.048+0800 [INFO] springAppName_IS_UNDEFINED o.a.coyote.http11.Http11NioProtocol -  Starting ProtocolHandler ["http-nio-8080"]
2022-05-20T11:05:50.085+0800 [INFO] springAppName_IS_UNDEFINED o.s.b.w.e.tomcat.TomcatWebServer -  Tomcat started on port(s): 8080 (http) with context path ''
2022-05-20T11:05:50.111+0800 [INFO] springAppName_IS_UNDEFINED com.example.demo.DemoApplication -  Started DemoApplication in 6.26 seconds (JVM running for 7.751)
2022-05-20T11:05:56.282+0800 [INFO] springAppName_IS_UNDEFINED o.a.c.c.C.[Tomcat].[localhost].[/] -  Initializing Spring DispatcherServlet 'dispatcherServlet'
2022-05-20T11:05:56.282+0800 [INFO] springAppName_IS_UNDEFINED o.s.web.servlet.DispatcherServlet -  Initializing Servlet 'dispatcherServlet'
2022-05-20T11:05:56.284+0800 [INFO] springAppName_IS_UNDEFINED o.s.web.servlet.DispatcherServlet -  Completed initialization in 1 ms
2022-05-20T11:07:42.856+0800 [INFO] springAppName_IS_UNDEFINED com.example.demo.DemoApplication -  Starting DemoApplication using Java 1.8.0_91 on localhost with PID 88825 (/Users/jiangjiankang/java/demo/target/classes started by jiangjiankang in /Users/jiangjiankang/java/demo)
2022-05-20T11:07:42.867+0800 [INFO] springAppName_IS_UNDEFINED com.example.demo.DemoApplication -  No active profile set, falling back to 1 default profile: "default"
2022-05-20T11:07:46.029+0800 [INFO] springAppName_IS_UNDEFINED o.s.b.w.e.tomcat.TomcatWebServer -  Tomcat initialized with port(s): 8080 (http)
2022-05-20T11:07:46.054+0800 [INFO] springAppName_IS_UNDEFINED o.a.coyote.http11.Http11NioProtocol -  Initializing ProtocolHandler ["http-nio-8080"]
2022-05-20T11:07:46.055+0800 [INFO] springAppName_IS_UNDEFINED o.a.catalina.core.StandardService -  Starting service [Tomcat]
2022-05-20T11:07:46.056+0800 [INFO] springAppName_IS_UNDEFINED o.a.catalina.core.StandardEngine -  Starting Servlet engine: [Apache Tomcat/9.0.62]
2022-05-20T11:07:46.375+0800 [INFO] springAppName_IS_UNDEFINED o.a.c.c.C.[Tomcat].[localhost].[/] -  Initializing Spring embedded WebApplicationContext
2022-05-20T11:07:46.378+0800 [INFO] springAppName_IS_UNDEFINED o.s.b.w.s.c.ServletWebServerApplicationContext -  Root WebApplicationContext: initialization completed in 3393 ms
2022-05-20T11:07:47.127+0800 [INFO] springAppName_IS_UNDEFINED o.a.coyote.http11.Http11NioProtocol -  Starting ProtocolHandler ["http-nio-8080"]
2022-05-20T11:07:47.166+0800 [INFO] springAppName_IS_UNDEFINED o.s.b.w.e.tomcat.TomcatWebServer -  Tomcat started on port(s): 8080 (http) with context path ''
2022-05-20T11:07:47.180+0800 [INFO] springAppName_IS_UNDEFINED com.example.demo.DemoApplication -  Started DemoApplication in 5.767 seconds (JVM running for 8.086)
2022-05-20T11:07:52.868+0800 [INFO] springAppName_IS_UNDEFINED o.a.c.c.C.[Tomcat].[localhost].[/] -  Initializing Spring DispatcherServlet 'dispatcherServlet'
2022-05-20T11:07:52.868+0800 [INFO] springAppName_IS_UNDEFINED o.s.web.servlet.DispatcherServlet -  Initializing Servlet 'dispatcherServlet'
2022-05-20T11:07:52.870+0800 [INFO] springAppName_IS_UNDEFINED o.s.web.servlet.DispatcherServlet -  Completed initialization in 2 ms
2022-05-20T11:09:07.412+0800 [INFO] springAppName_IS_UNDEFINED com.example.demo.DemoApplication -  Starting DemoApplication using Java 1.8.0_91 on localhost with PID 88927 (/Users/jiangjiankang/java/demo/target/classes started by jiangjiankang in /Users/jiangjiankang/java/demo)
2022-05-20T11:09:07.415+0800 [INFO] springAppName_IS_UNDEFINED com.example.demo.DemoApplication -  No active profile set, falling back to 1 default profile: "default"
2022-05-20T11:09:09.121+0800 [INFO] springAppName_IS_UNDEFINED o.s.b.w.e.tomcat.TomcatWebServer -  Tomcat initialized with port(s): 8080 (http)
2022-05-20T11:09:09.131+0800 [INFO] springAppName_IS_UNDEFINED o.a.coyote.http11.Http11NioProtocol -  Initializing ProtocolHandler ["http-nio-8080"]
2022-05-20T11:09:09.132+0800 [INFO] springAppName_IS_UNDEFINED o.a.catalina.core.StandardService -  Starting service [Tomcat]
2022-05-20T11:09:09.132+0800 [INFO] springAppName_IS_UNDEFINED o.a.catalina.core.StandardEngine -  Starting Servlet engine: [Apache Tomcat/9.0.62]
2022-05-20T11:09:09.280+0800 [INFO] springAppName_IS_UNDEFINED o.a.c.c.C.[Tomcat].[localhost].[/] -  Initializing Spring embedded WebApplicationContext
2022-05-20T11:09:09.281+0800 [INFO] springAppName_IS_UNDEFINED o.s.b.w.s.c.ServletWebServerApplicationContext -  Root WebApplicationContext: initialization completed in 1723 ms
2022-05-20T11:09:09.819+0800 [INFO] springAppName_IS_UNDEFINED o.a.coyote.http11.Http11NioProtocol -  Starting ProtocolHandler ["http-nio-8080"]
2022-05-20T11:09:09.857+0800 [INFO] springAppName_IS_UNDEFINED o.s.b.w.e.tomcat.TomcatWebServer -  Tomcat started on port(s): 8080 (http) with context path ''
2022-05-20T11:09:09.870+0800 [INFO] springAppName_IS_UNDEFINED com.example.demo.DemoApplication -  Started DemoApplication in 3.631 seconds (JVM running for 5.233)
2022-05-20T11:09:26.080+0800 [INFO] springAppName_IS_UNDEFINED o.a.c.c.C.[Tomcat].[localhost].[/] -  Initializing Spring DispatcherServlet 'dispatcherServlet'
2022-05-20T11:09:26.080+0800 [INFO] springAppName_IS_UNDEFINED o.s.web.servlet.DispatcherServlet -  Initializing Servlet 'dispatcherServlet'
2022-05-20T11:09:26.081+0800 [INFO] springAppName_IS_UNDEFINED o.s.web.servlet.DispatcherServlet -  Completed initialization in 1 ms
2022-05-20T11:09:32.242+0800 [INFO] springAppName_IS_UNDEFINED c.g.f.l.i.RequestLogInterceptor - 11111 request, URI: /post method: POST, contentType: application/json, 
 headers: host localhost:8080connection keep-alivecontent-length 32sec-ch-ua " Not A;Brand";v="99", "Chromium";v="101", "Google Chrome";v="101"sec-ch-ua-mobile ?0user-agent Mozilla/5.0 (Macintosh; Intel Mac OS X 10_15_7) AppleWebKit/537.36 (KHTML, like Gecko) Chrome/101.0.4951.64 Safari/537.36content-type application/jsoncache-control no-cachepostman-token c3eb0568-95db-9006-239a-3237ce94f3ccx-request-id 11111sec-ch-ua-platform "macOS"accept */*origin chrome-extension://fhbjgbiflinjbdggehcddcbncdddomopsec-fetch-site nonesec-fetch-mode corssec-fetch-dest emptyaccept-encoding gzip, deflate, braccept-language zh-CN,zh;q=0.9,en;q=0.8 
 content: {
	"name": "jiang",
	"age": 18
}
2022-05-20T11:09:32.253+0800 [INFO] springAppName_IS_UNDEFINED c.g.f.l.i.RequestLogInterceptor - 11111 response:  success: haahah 
2022-05-20T11:22:50.520+0800 [INFO] springAppName_IS_UNDEFINED com.example.demo.DemoApplication -  Starting DemoApplication using Java 1.8.0_91 on localhost with PID 90146 (/Users/jiangjiankang/java/demo/target/classes started by jiangjiankang in /Users/jiangjiankang/java/demo)
2022-05-20T11:22:50.523+0800 [INFO] springAppName_IS_UNDEFINED com.example.demo.DemoApplication -  No active profile set, falling back to 1 default profile: "default"
2022-05-20T11:22:52.865+0800 [INFO] springAppName_IS_UNDEFINED o.s.b.w.e.tomcat.TomcatWebServer -  Tomcat initialized with port(s): 8080 (http)
2022-05-20T11:22:52.890+0800 [INFO] springAppName_IS_UNDEFINED o.a.coyote.http11.Http11NioProtocol -  Initializing ProtocolHandler ["http-nio-8080"]
2022-05-20T11:22:52.896+0800 [INFO] springAppName_IS_UNDEFINED o.a.catalina.core.StandardService -  Starting service [Tomcat]
2022-05-20T11:22:52.899+0800 [INFO] springAppName_IS_UNDEFINED o.a.catalina.core.StandardEngine -  Starting Servlet engine: [Apache Tomcat/9.0.62]
2022-05-20T11:22:53.204+0800 [INFO] springAppName_IS_UNDEFINED o.a.c.c.C.[Tomcat].[localhost].[/] -  Initializing Spring embedded WebApplicationContext
2022-05-20T11:22:53.204+0800 [INFO] springAppName_IS_UNDEFINED o.s.b.w.s.c.ServletWebServerApplicationContext -  Root WebApplicationContext: initialization completed in 2563 ms
2022-05-20T11:22:54.452+0800 [INFO] springAppName_IS_UNDEFINED o.a.coyote.http11.Http11NioProtocol -  Starting ProtocolHandler ["http-nio-8080"]
2022-05-20T11:22:54.527+0800 [INFO] springAppName_IS_UNDEFINED o.s.b.w.e.tomcat.TomcatWebServer -  Tomcat started on port(s): 8080 (http) with context path ''
2022-05-20T11:22:54.550+0800 [INFO] springAppName_IS_UNDEFINED com.example.demo.DemoApplication -  Started DemoApplication in 5.443 seconds (JVM running for 6.458)
2022-05-20T11:23:05.294+0800 [INFO] springAppName_IS_UNDEFINED o.a.c.c.C.[Tomcat].[localhost].[/] -  Initializing Spring DispatcherServlet 'dispatcherServlet'
2022-05-20T11:23:05.295+0800 [INFO] springAppName_IS_UNDEFINED o.s.web.servlet.DispatcherServlet -  Initializing Servlet 'dispatcherServlet'
2022-05-20T11:23:05.296+0800 [INFO] springAppName_IS_UNDEFINED o.s.web.servlet.DispatcherServlet -  Completed initialization in 1 ms
2022-05-20T11:23:05.504+0800 [INFO] springAppName_IS_UNDEFINED c.g.f.l.i.RequestLogInterceptor - 11111 request, URI: /post method: POST, contentType: application/json, 
 headers: host localhost:8080connection keep-alivecontent-length 32sec-ch-ua " Not A;Brand";v="99", "Chromium";v="101", "Google Chrome";v="101"sec-ch-ua-mobile ?0user-agent Mozilla/5.0 (Macintosh; Intel Mac OS X 10_15_7) AppleWebKit/537.36 (KHTML, like Gecko) Chrome/101.0.4951.64 Safari/537.36content-type application/jsoncache-control no-cachepostman-token 035305b6-35e9-5fb8-23ac-a2feea1ccc32x-request-id 11111sec-ch-ua-platform "macOS"accept */*origin chrome-extension://fhbjgbiflinjbdggehcddcbncdddomopsec-fetch-site nonesec-fetch-mode corssec-fetch-dest emptyaccept-encoding gzip, deflate, braccept-language zh-CN,zh;q=0.9,en;q=0.8 
 content: {
	"name": "jiang",
	"age": 18
}
2022-05-20T11:23:05.506+0800 [INFO] springAppName_IS_UNDEFINED c.g.f.l.i.RequestLogInterceptor - 11111 response:  success: haahah 
2022-05-20T11:23:30.348+0800 [INFO] springAppName_IS_UNDEFINED com.example.demo.DemoApplication -  Starting DemoApplication using Java 1.8.0_91 on localhost with PID 90204 (/Users/jiangjiankang/java/demo/target/classes started by jiangjiankang in /Users/jiangjiankang/java/demo)
2022-05-20T11:23:30.352+0800 [INFO] springAppName_IS_UNDEFINED com.example.demo.DemoApplication -  No active profile set, falling back to 1 default profile: "default"
2022-05-20T11:23:32.104+0800 [INFO] springAppName_IS_UNDEFINED o.s.b.w.e.tomcat.TomcatWebServer -  Tomcat initialized with port(s): 8080 (http)
2022-05-20T11:23:32.114+0800 [INFO] springAppName_IS_UNDEFINED o.a.coyote.http11.Http11NioProtocol -  Initializing ProtocolHandler ["http-nio-8080"]
2022-05-20T11:23:32.115+0800 [INFO] springAppName_IS_UNDEFINED o.a.catalina.core.StandardService -  Starting service [Tomcat]
2022-05-20T11:23:32.115+0800 [INFO] springAppName_IS_UNDEFINED o.a.catalina.core.StandardEngine -  Starting Servlet engine: [Apache Tomcat/9.0.62]
2022-05-20T11:23:32.382+0800 [INFO] springAppName_IS_UNDEFINED o.a.c.c.C.[Tomcat].[localhost].[/] -  Initializing Spring embedded WebApplicationContext
2022-05-20T11:23:32.382+0800 [INFO] springAppName_IS_UNDEFINED o.s.b.w.s.c.ServletWebServerApplicationContext -  Root WebApplicationContext: initialization completed in 1927 ms
2022-05-20T11:23:32.891+0800 [INFO] springAppName_IS_UNDEFINED o.a.coyote.http11.Http11NioProtocol -  Starting ProtocolHandler ["http-nio-8080"]
2022-05-20T11:23:32.925+0800 [INFO] springAppName_IS_UNDEFINED o.s.b.w.e.tomcat.TomcatWebServer -  Tomcat started on port(s): 8080 (http) with context path ''
2022-05-20T11:23:32.938+0800 [INFO] springAppName_IS_UNDEFINED com.example.demo.DemoApplication -  Started DemoApplication in 3.53 seconds (JVM running for 4.573)
2022-05-20T11:23:43.054+0800 [INFO] springAppName_IS_UNDEFINED o.a.c.c.C.[Tomcat].[localhost].[/] -  Initializing Spring DispatcherServlet 'dispatcherServlet'
2022-05-20T11:23:43.055+0800 [INFO] springAppName_IS_UNDEFINED o.s.web.servlet.DispatcherServlet -  Initializing Servlet 'dispatcherServlet'
2022-05-20T11:23:43.056+0800 [INFO] springAppName_IS_UNDEFINED o.s.web.servlet.DispatcherServlet -  Completed initialization in 1 ms
2022-05-20T11:23:57.377+0800 [INFO] springAppName_IS_UNDEFINED com.example.demo.DemoApplication -  Starting DemoApplication using Java 1.8.0_91 on localhost with PID 90235 (/Users/jiangjiankang/java/demo/target/classes started by jiangjiankang in /Users/jiangjiankang/java/demo)
2022-05-20T11:23:57.379+0800 [INFO] springAppName_IS_UNDEFINED com.example.demo.DemoApplication -  No active profile set, falling back to 1 default profile: "default"
2022-05-20T11:23:59.033+0800 [INFO] springAppName_IS_UNDEFINED o.s.b.w.e.tomcat.TomcatWebServer -  Tomcat initialized with port(s): 8080 (http)
2022-05-20T11:23:59.042+0800 [INFO] springAppName_IS_UNDEFINED o.a.coyote.http11.Http11NioProtocol -  Initializing ProtocolHandler ["http-nio-8080"]
2022-05-20T11:23:59.042+0800 [INFO] springAppName_IS_UNDEFINED o.a.catalina.core.StandardService -  Starting service [Tomcat]
2022-05-20T11:23:59.043+0800 [INFO] springAppName_IS_UNDEFINED o.a.catalina.core.StandardEngine -  Starting Servlet engine: [Apache Tomcat/9.0.62]
2022-05-20T11:23:59.191+0800 [INFO] springAppName_IS_UNDEFINED o.a.c.c.C.[Tomcat].[localhost].[/] -  Initializing Spring embedded WebApplicationContext
2022-05-20T11:23:59.191+0800 [INFO] springAppName_IS_UNDEFINED o.s.b.w.s.c.ServletWebServerApplicationContext -  Root WebApplicationContext: initialization completed in 1707 ms
2022-05-20T11:23:59.684+0800 [INFO] springAppName_IS_UNDEFINED o.a.coyote.http11.Http11NioProtocol -  Starting ProtocolHandler ["http-nio-8080"]
2022-05-20T11:23:59.715+0800 [INFO] springAppName_IS_UNDEFINED o.s.b.w.e.tomcat.TomcatWebServer -  Tomcat started on port(s): 8080 (http) with context path ''
2022-05-20T11:23:59.725+0800 [INFO] springAppName_IS_UNDEFINED com.example.demo.DemoApplication -  Started DemoApplication in 3.232 seconds (JVM running for 4.171)
2022-05-20T11:24:07.079+0800 [INFO] springAppName_IS_UNDEFINED o.a.c.c.C.[Tomcat].[localhost].[/] -  Initializing Spring DispatcherServlet 'dispatcherServlet'
2022-05-20T11:24:07.079+0800 [INFO] springAppName_IS_UNDEFINED o.s.web.servlet.DispatcherServlet -  Initializing Servlet 'dispatcherServlet'
2022-05-20T11:24:07.080+0800 [INFO] springAppName_IS_UNDEFINED o.s.web.servlet.DispatcherServlet -  Completed initialization in 1 ms
2022-05-20T11:24:07.266+0800 [INFO] springAppName_IS_UNDEFINED c.g.f.l.i.RequestLogInterceptor - 11111 request, URI: /post method: POST, contentType: application/json, 
 headers: host localhost:8080connection keep-alivecontent-length 32sec-ch-ua " Not A;Brand";v="99", "Chromium";v="101", "Google Chrome";v="101"sec-ch-ua-mobile ?0user-agent Mozilla/5.0 (Macintosh; Intel Mac OS X 10_15_7) AppleWebKit/537.36 (KHTML, like Gecko) Chrome/101.0.4951.64 Safari/537.36content-type application/jsoncache-control no-cachepostman-token 5a82e0b6-1485-1022-69a8-b47da90315bax-request-id 11111sec-ch-ua-platform "macOS"accept */*origin chrome-extension://fhbjgbiflinjbdggehcddcbncdddomopsec-fetch-site nonesec-fetch-mode corssec-fetch-dest emptyaccept-encoding gzip, deflate, braccept-language zh-CN,zh;q=0.9,en;q=0.8 
 content: {
	"name": "jiang",
	"age": 18
}
2022-05-20T11:24:07.267+0800 [INFO] springAppName_IS_UNDEFINED c.g.f.l.i.RequestLogInterceptor - 11111 response:  success: haahah 
2022-05-20T12:33:51.440+0800 [INFO] springAppName_IS_UNDEFINED com.example.demo.DemoApplication -  Starting DemoApplication using Java 1.8.0_91 on localhost with PID 94768 (/Users/jiangjiankang/java/demo/target/classes started by jiangjiankang in /Users/jiangjiankang/java/demo)
2022-05-20T12:33:51.443+0800 [INFO] springAppName_IS_UNDEFINED com.example.demo.DemoApplication -  No active profile set, falling back to 1 default profile: "default"
2022-05-20T12:33:53.813+0800 [INFO] springAppName_IS_UNDEFINED o.s.b.w.e.tomcat.TomcatWebServer -  Tomcat initialized with port(s): 8080 (http)
2022-05-20T12:33:53.828+0800 [INFO] springAppName_IS_UNDEFINED o.a.coyote.http11.Http11NioProtocol -  Initializing ProtocolHandler ["http-nio-8080"]
2022-05-20T12:33:53.831+0800 [INFO] springAppName_IS_UNDEFINED o.a.catalina.core.StandardService -  Starting service [Tomcat]
2022-05-20T12:33:53.831+0800 [INFO] springAppName_IS_UNDEFINED o.a.catalina.core.StandardEngine -  Starting Servlet engine: [Apache Tomcat/9.0.62]
2022-05-20T12:33:54.350+0800 [INFO] springAppName_IS_UNDEFINED o.a.c.c.C.[Tomcat].[localhost].[/] -  Initializing Spring embedded WebApplicationContext
2022-05-20T12:33:54.396+0800 [INFO] springAppName_IS_UNDEFINED o.s.b.w.s.c.ServletWebServerApplicationContext -  Root WebApplicationContext: initialization completed in 2759 ms
2022-05-20T12:33:55.113+0800 [INFO] springAppName_IS_UNDEFINED o.a.coyote.http11.Http11NioProtocol -  Starting ProtocolHandler ["http-nio-8080"]
2022-05-20T12:33:55.149+0800 [INFO] springAppName_IS_UNDEFINED o.s.b.w.e.tomcat.TomcatWebServer -  Tomcat started on port(s): 8080 (http) with context path ''
2022-05-20T12:33:55.167+0800 [INFO] springAppName_IS_UNDEFINED com.example.demo.DemoApplication -  Started DemoApplication in 5.427 seconds (JVM running for 7.118)
2022-05-20T12:33:57.627+0800 [INFO] springAppName_IS_UNDEFINED o.a.c.c.C.[Tomcat].[localhost].[/] -  Initializing Spring DispatcherServlet 'dispatcherServlet'
2022-05-20T12:33:57.628+0800 [INFO] springAppName_IS_UNDEFINED o.s.web.servlet.DispatcherServlet -  Initializing Servlet 'dispatcherServlet'
2022-05-20T12:33:57.629+0800 [INFO] springAppName_IS_UNDEFINED o.s.web.servlet.DispatcherServlet -  Completed initialization in 1 ms
2022-05-20T12:33:57.710+0800 [INFO] springAppName_IS_UNDEFINED c.g.f.l.i.RequestLogInterceptor - 11111 request, URI: /post_form, queryString: car=haahah method: POST, contentType: application/x-www-form-urlencoded, 
 headers: host localhost:8080connection keep-alivecontent-length 17sec-ch-ua " Not A;Brand";v="99", "Chromium";v="101", "Google Chrome";v="101"sec-ch-ua-mobile ?0user-agent Mozilla/5.0 (Macintosh; Intel Mac OS X 10_15_7) AppleWebKit/537.36 (KHTML, like Gecko) Chrome/101.0.4951.64 Safari/537.36content-type application/x-www-form-urlencodedcache-control no-cachepostman-token d21049ee-f253-8654-9f67-8a7de77b3d33x-request-id 11111sec-ch-ua-platform "macOS"accept */*origin chrome-extension://fhbjgbiflinjbdggehcddcbncdddomopsec-fetch-site nonesec-fetch-mode corssec-fetch-dest emptyaccept-encoding gzip, deflate, braccept-language zh-CN,zh;q=0.9,en;q=0.8 
 content: car=haahah&name=name&age=100
2022-05-20T12:33:57.712+0800 [INFO] springAppName_IS_UNDEFINED c.g.f.l.i.RequestLogInterceptor - 11111 response:  success: name100 
2022-05-20T12:34:36.892+0800 [WARN] springAppName_IS_UNDEFINED o.s.w.s.m.s.DefaultHandlerExceptionResolver - 11111 Resolved [org.springframework.web.HttpMediaTypeNotSupportedException: Content type 'application/x-www-form-urlencoded;charset=UTF-8' not supported]
2022-05-20T12:34:36.893+0800 [INFO] springAppName_IS_UNDEFINED c.g.f.l.i.RequestLogInterceptor - 11111 request, URI: /post, queryString: car=haahah method: POST, contentType: application/x-www-form-urlencoded, 
 headers: host localhost:8080connection keep-alivecontent-length 17sec-ch-ua " Not A;Brand";v="99", "Chromium";v="101", "Google Chrome";v="101"sec-ch-ua-mobile ?0user-agent Mozilla/5.0 (Macintosh; Intel Mac OS X 10_15_7) AppleWebKit/537.36 (KHTML, like Gecko) Chrome/101.0.4951.64 Safari/537.36content-type application/x-www-form-urlencodedcache-control no-cachepostman-token fbc008af-c82f-2a99-9bae-87255cf0f653x-request-id 11111sec-ch-ua-platform "macOS"accept */*origin chrome-extension://fhbjgbiflinjbdggehcddcbncdddomopsec-fetch-site nonesec-fetch-mode corssec-fetch-dest emptyaccept-encoding gzip, deflate, braccept-language zh-CN,zh;q=0.9,en;q=0.8 
 content: car=haahah&name=name&age=100
2022-05-20T12:34:36.893+0800 [INFO] springAppName_IS_UNDEFINED c.g.f.l.i.RequestLogInterceptor - 11111 response:   
2022-05-20T12:34:47.512+0800 [WARN] springAppName_IS_UNDEFINED o.s.w.s.m.s.DefaultHandlerExceptionResolver - 11111 Resolved [org.springframework.web.HttpMediaTypeNotSupportedException: Content type 'application/x-www-form-urlencoded;charset=UTF-8' not supported]
2022-05-20T12:34:47.513+0800 [INFO] springAppName_IS_UNDEFINED c.g.f.l.i.RequestLogInterceptor - 11111 request, URI: /post, queryString: car=haahah method: POST, contentType: application/x-www-form-urlencoded, 
 headers: host localhost:8080connection keep-alivecontent-length 32sec-ch-ua " Not A;Brand";v="99", "Chromium";v="101", "Google Chrome";v="101"sec-ch-ua-mobile ?0user-agent Mozilla/5.0 (Macintosh; Intel Mac OS X 10_15_7) AppleWebKit/537.36 (KHTML, like Gecko) Chrome/101.0.4951.64 Safari/537.36content-type application/x-www-form-urlencodedcache-control no-cachepostman-token 47ed2572-b6b1-f1b2-4a6a-6e771a9b9459x-request-id 11111sec-ch-ua-platform "macOS"accept */*origin chrome-extension://fhbjgbiflinjbdggehcddcbncdddomopsec-fetch-site nonesec-fetch-mode corssec-fetch-dest emptyaccept-encoding gzip, deflate, braccept-language zh-CN,zh;q=0.9,en;q=0.8 
 content: car=haahah&%7B%0A%09%22name%22%3A+%22jiang%22%2C%0A%09%22age%22%3A+18%0A%7D=
2022-05-20T12:34:47.513+0800 [INFO] springAppName_IS_UNDEFINED c.g.f.l.i.RequestLogInterceptor - 11111 response:   
2022-05-20T12:34:56.383+0800 [INFO] springAppName_IS_UNDEFINED c.g.f.l.i.RequestLogInterceptor - 11111 request, URI: /post, queryString: car=haahah method: POST, contentType: application/json, 
 headers: host localhost:8080connection keep-alivecontent-length 32sec-ch-ua " Not A;Brand";v="99", "Chromium";v="101", "Google Chrome";v="101"sec-ch-ua-mobile ?0user-agent Mozilla/5.0 (Macintosh; Intel Mac OS X 10_15_7) AppleWebKit/537.36 (KHTML, like Gecko) Chrome/101.0.4951.64 Safari/537.36content-type application/jsoncache-control no-cachepostman-token 768c1b10-38ea-0459-594c-ae5fe7b011fax-request-id 11111sec-ch-ua-platform "macOS"accept */*origin chrome-extension://fhbjgbiflinjbdggehcddcbncdddomopsec-fetch-site nonesec-fetch-mode corssec-fetch-dest emptyaccept-encoding gzip, deflate, braccept-language zh-CN,zh;q=0.9,en;q=0.8 
 content: {
	"name": "jiang",
	"age": 18
}
2022-05-20T12:34:56.383+0800 [INFO] springAppName_IS_UNDEFINED c.g.f.l.i.RequestLogInterceptor - 11111 response:  success: haahahjiang 
2022-05-20T12:36:55.389+0800 [INFO] springAppName_IS_UNDEFINED com.example.demo.DemoApplication -  Starting DemoApplication using Java 1.8.0_91 on localhost with PID 95035 (/Users/jiangjiankang/java/demo/target/classes started by jiangjiankang in /Users/jiangjiankang/java/demo)
2022-05-20T12:36:55.391+0800 [INFO] springAppName_IS_UNDEFINED com.example.demo.DemoApplication -  No active profile set, falling back to 1 default profile: "default"
2022-05-20T12:36:56.826+0800 [INFO] springAppName_IS_UNDEFINED o.s.b.w.e.tomcat.TomcatWebServer -  Tomcat initialized with port(s): 8080 (http)
2022-05-20T12:36:56.836+0800 [INFO] springAppName_IS_UNDEFINED o.a.coyote.http11.Http11NioProtocol -  Initializing ProtocolHandler ["http-nio-8080"]
2022-05-20T12:36:56.837+0800 [INFO] springAppName_IS_UNDEFINED o.a.catalina.core.StandardService -  Starting service [Tomcat]
2022-05-20T12:36:56.838+0800 [INFO] springAppName_IS_UNDEFINED o.a.catalina.core.StandardEngine -  Starting Servlet engine: [Apache Tomcat/9.0.62]
2022-05-20T12:36:56.961+0800 [INFO] springAppName_IS_UNDEFINED o.a.c.c.C.[Tomcat].[localhost].[/] -  Initializing Spring embedded WebApplicationContext
2022-05-20T12:36:56.961+0800 [INFO] springAppName_IS_UNDEFINED o.s.b.w.s.c.ServletWebServerApplicationContext -  Root WebApplicationContext: initialization completed in 1493 ms
2022-05-20T12:36:57.379+0800 [INFO] springAppName_IS_UNDEFINED o.a.coyote.http11.Http11NioProtocol -  Starting ProtocolHandler ["http-nio-8080"]
2022-05-20T12:36:57.410+0800 [INFO] springAppName_IS_UNDEFINED o.s.b.w.e.tomcat.TomcatWebServer -  Tomcat started on port(s): 8080 (http) with context path ''
2022-05-20T12:36:57.421+0800 [INFO] springAppName_IS_UNDEFINED com.example.demo.DemoApplication -  Started DemoApplication in 2.966 seconds (JVM running for 4.35)
2022-05-20T12:37:24.017+0800 [INFO] springAppName_IS_UNDEFINED o.a.c.c.C.[Tomcat].[localhost].[/] -  Initializing Spring DispatcherServlet 'dispatcherServlet'
2022-05-20T12:37:24.017+0800 [INFO] springAppName_IS_UNDEFINED o.s.web.servlet.DispatcherServlet -  Initializing Servlet 'dispatcherServlet'
2022-05-20T12:37:24.019+0800 [INFO] springAppName_IS_UNDEFINED o.s.web.servlet.DispatcherServlet -  Completed initialization in 1 ms
2022-05-20T12:37:24.220+0800 [INFO] springAppName_IS_UNDEFINED c.g.f.l.i.RequestLogInterceptor - 11111 request, method: POST, URI: /post, queryString: car=haahah, 
 contentType: application/json, 
 headers: host localhost:8080connection keep-alivecontent-length 32sec-ch-ua " Not A;Brand";v="99", "Chromium";v="101", "Google Chrome";v="101"sec-ch-ua-mobile ?0user-agent Mozilla/5.0 (Macintosh; Intel Mac OS X 10_15_7) AppleWebKit/537.36 (KHTML, like Gecko) Chrome/101.0.4951.64 Safari/537.36content-type application/jsoncache-control no-cachepostman-token 81be0d05-2b4f-a933-346e-ca0afe412147x-request-id 11111sec-ch-ua-platform "macOS"accept */*origin chrome-extension://fhbjgbiflinjbdggehcddcbncdddomopsec-fetch-site nonesec-fetch-mode corssec-fetch-dest emptyaccept-encoding gzip, deflate, braccept-language zh-CN,zh;q=0.9,en;q=0.8 
 content: {
	"name": "jiang",
	"age": 18
}
2022-05-20T12:37:24.221+0800 [INFO] springAppName_IS_UNDEFINED c.g.f.l.i.RequestLogInterceptor - 11111 response:  success: haahahjiang 
2022-05-20T12:38:50.781+0800 [INFO] springAppName_IS_UNDEFINED com.example.demo.DemoApplication -  Starting DemoApplication using Java 1.8.0_91 on localhost with PID 95207 (/Users/jiangjiankang/java/demo/target/classes started by jiangjiankang in /Users/jiangjiankang/java/demo)
2022-05-20T12:38:50.788+0800 [INFO] springAppName_IS_UNDEFINED com.example.demo.DemoApplication -  No active profile set, falling back to 1 default profile: "default"
2022-05-20T12:38:52.251+0800 [INFO] springAppName_IS_UNDEFINED o.s.b.w.e.tomcat.TomcatWebServer -  Tomcat initialized with port(s): 8080 (http)
2022-05-20T12:38:52.261+0800 [INFO] springAppName_IS_UNDEFINED o.a.coyote.http11.Http11NioProtocol -  Initializing ProtocolHandler ["http-nio-8080"]
2022-05-20T12:38:52.262+0800 [INFO] springAppName_IS_UNDEFINED o.a.catalina.core.StandardService -  Starting service [Tomcat]
2022-05-20T12:38:52.263+0800 [INFO] springAppName_IS_UNDEFINED o.a.catalina.core.StandardEngine -  Starting Servlet engine: [Apache Tomcat/9.0.62]
2022-05-20T12:38:52.444+0800 [INFO] springAppName_IS_UNDEFINED o.a.c.c.C.[Tomcat].[localhost].[/] -  Initializing Spring embedded WebApplicationContext
2022-05-20T12:38:52.445+0800 [INFO] springAppName_IS_UNDEFINED o.s.b.w.s.c.ServletWebServerApplicationContext -  Root WebApplicationContext: initialization completed in 1543 ms
2022-05-20T12:38:53.001+0800 [INFO] springAppName_IS_UNDEFINED o.a.coyote.http11.Http11NioProtocol -  Starting ProtocolHandler ["http-nio-8080"]
2022-05-20T12:38:53.040+0800 [INFO] springAppName_IS_UNDEFINED o.s.b.w.e.tomcat.TomcatWebServer -  Tomcat started on port(s): 8080 (http) with context path ''
2022-05-20T12:38:53.054+0800 [INFO] springAppName_IS_UNDEFINED com.example.demo.DemoApplication -  Started DemoApplication in 3.046 seconds (JVM running for 4.653)
2022-05-20T12:39:01.435+0800 [INFO] springAppName_IS_UNDEFINED o.a.c.c.C.[Tomcat].[localhost].[/] -  Initializing Spring DispatcherServlet 'dispatcherServlet'
2022-05-20T12:39:01.435+0800 [INFO] springAppName_IS_UNDEFINED o.s.web.servlet.DispatcherServlet -  Initializing Servlet 'dispatcherServlet'
2022-05-20T12:39:01.437+0800 [INFO] springAppName_IS_UNDEFINED o.s.web.servlet.DispatcherServlet -  Completed initialization in 2 ms
2022-05-20T12:39:01.774+0800 [INFO] springAppName_IS_UNDEFINED c.g.f.l.i.RequestLogInterceptor - 11111 request, method: POST, URI: /post, queryString: car=haahah 
 contentType: application/json 
 headers: host localhost:8080connection keep-alivecontent-length 32sec-ch-ua " Not A;Brand";v="99", "Chromium";v="101", "Google Chrome";v="101"sec-ch-ua-mobile ?0user-agent Mozilla/5.0 (Macintosh; Intel Mac OS X 10_15_7) AppleWebKit/537.36 (KHTML, like Gecko) Chrome/101.0.4951.64 Safari/537.36content-type application/jsoncache-control no-cachepostman-token ef3c9933-2028-96b5-68ea-b5cf6c68aed5x-request-id 11111sec-ch-ua-platform "macOS"accept */*origin chrome-extension://fhbjgbiflinjbdggehcddcbncdddomopsec-fetch-site nonesec-fetch-mode corssec-fetch-dest emptyaccept-encoding gzip, deflate, braccept-language zh-CN,zh;q=0.9,en;q=0.8 
 content: {
	"name": "jiang",
	"age": 18
}
2022-05-20T12:39:01.776+0800 [INFO] springAppName_IS_UNDEFINED c.g.f.l.i.RequestLogInterceptor - 11111 response:  success: haahahjiang 
2022-05-20T15:49:07.144+0800 [INFO] springAppName_IS_UNDEFINED com.example.demo.DemoApplication -  Starting DemoApplication using Java 1.8.0_91 on localhost with PID 7570 (/Users/jiangjiankang/java/demo/target/classes started by jiangjiankang in /Users/jiangjiankang/java/demo)
2022-05-20T15:49:07.147+0800 [INFO] springAppName_IS_UNDEFINED com.example.demo.DemoApplication -  No active profile set, falling back to 1 default profile: "default"
2022-05-20T15:49:09.685+0800 [INFO] springAppName_IS_UNDEFINED o.s.b.w.e.tomcat.TomcatWebServer -  Tomcat initialized with port(s): 8080 (http)
2022-05-20T15:49:09.700+0800 [INFO] springAppName_IS_UNDEFINED o.a.coyote.http11.Http11NioProtocol -  Initializing ProtocolHandler ["http-nio-8080"]
2022-05-20T15:49:09.701+0800 [INFO] springAppName_IS_UNDEFINED o.a.catalina.core.StandardService -  Starting service [Tomcat]
2022-05-20T15:49:09.701+0800 [INFO] springAppName_IS_UNDEFINED o.a.catalina.core.StandardEngine -  Starting Servlet engine: [Apache Tomcat/9.0.62]
2022-05-20T15:49:10.216+0800 [INFO] springAppName_IS_UNDEFINED o.a.c.c.C.[Tomcat].[localhost].[/] -  Initializing Spring embedded WebApplicationContext
2022-05-20T15:49:10.217+0800 [INFO] springAppName_IS_UNDEFINED o.s.b.w.s.c.ServletWebServerApplicationContext -  Root WebApplicationContext: initialization completed in 2948 ms
2022-05-20T15:49:11.223+0800 [INFO] springAppName_IS_UNDEFINED o.a.coyote.http11.Http11NioProtocol -  Starting ProtocolHandler ["http-nio-8080"]
2022-05-20T15:49:11.267+0800 [INFO] springAppName_IS_UNDEFINED o.s.b.w.e.tomcat.TomcatWebServer -  Tomcat started on port(s): 8080 (http) with context path ''
2022-05-20T15:49:11.289+0800 [INFO] springAppName_IS_UNDEFINED com.example.demo.DemoApplication -  Started DemoApplication in 6.733 seconds (JVM running for 9.024)
2022-05-20T15:50:24.480+0800 [INFO] springAppName_IS_UNDEFINED o.a.c.c.C.[Tomcat].[localhost].[/] -  Initializing Spring DispatcherServlet 'dispatcherServlet'
2022-05-20T15:50:24.480+0800 [INFO] springAppName_IS_UNDEFINED o.s.web.servlet.DispatcherServlet -  Initializing Servlet 'dispatcherServlet'
2022-05-20T15:50:24.482+0800 [INFO] springAppName_IS_UNDEFINED o.s.web.servlet.DispatcherServlet -  Completed initialization in 2 ms
2022-05-20T15:53:07.847+0800 [INFO] springAppName_IS_UNDEFINED c.g.f.l.i.RequestLogInterceptor - 11111 request, method: POST, URI: /post, queryString: car=haahah 
 contentType: application/json 
 headers: host localhost:8080connection keep-alivecontent-length 32sec-ch-ua " Not A;Brand";v="99", "Chromium";v="101", "Google Chrome";v="101"sec-ch-ua-mobile ?0user-agent Mozilla/5.0 (Macintosh; Intel Mac OS X 10_15_7) AppleWebKit/537.36 (KHTML, like Gecko) Chrome/101.0.4951.64 Safari/537.36content-type application/jsoncache-control no-cachepostman-token 73deaeb3-2406-5701-7cbe-a106ae9e8222x-request-id 11111sec-ch-ua-platform "macOS"accept */*origin chrome-extension://fhbjgbiflinjbdggehcddcbncdddomopsec-fetch-site nonesec-fetch-mode corssec-fetch-dest emptyaccept-encoding gzip, deflate, braccept-language zh-CN,zh;q=0.9,en;q=0.8 
 content: {
	"name": "jiang",
	"age": 18
}
2022-05-20T15:53:07.863+0800 [INFO] springAppName_IS_UNDEFINED c.g.f.l.i.RequestLogInterceptor - 11111 response:  success: haahahjiang 
2022-05-20T16:00:01.681+0800 [INFO] springAppName_IS_UNDEFINED com.example.demo.DemoApplication -  Starting DemoApplication using Java 1.8.0_91 on localhost with PID 8382 (/Users/jiangjiankang/java/demo/target/classes started by jiangjiankang in /Users/jiangjiankang/java/demo)
2022-05-20T16:00:01.685+0800 [INFO] springAppName_IS_UNDEFINED com.example.demo.DemoApplication -  No active profile set, falling back to 1 default profile: "default"
2022-05-20T16:00:03.484+0800 [INFO] springAppName_IS_UNDEFINED o.s.b.w.e.tomcat.TomcatWebServer -  Tomcat initialized with port(s): 8080 (http)
2022-05-20T16:00:03.495+0800 [INFO] springAppName_IS_UNDEFINED o.a.coyote.http11.Http11NioProtocol -  Initializing ProtocolHandler ["http-nio-8080"]
2022-05-20T16:00:03.496+0800 [INFO] springAppName_IS_UNDEFINED o.a.catalina.core.StandardService -  Starting service [Tomcat]
2022-05-20T16:00:03.496+0800 [INFO] springAppName_IS_UNDEFINED o.a.catalina.core.StandardEngine -  Starting Servlet engine: [Apache Tomcat/9.0.62]
2022-05-20T16:00:03.633+0800 [INFO] springAppName_IS_UNDEFINED o.a.c.c.C.[Tomcat].[localhost].[/] -  Initializing Spring embedded WebApplicationContext
2022-05-20T16:00:03.633+0800 [INFO] springAppName_IS_UNDEFINED o.s.b.w.s.c.ServletWebServerApplicationContext -  Root WebApplicationContext: initialization completed in 1797 ms
2022-05-20T16:00:04.252+0800 [INFO] springAppName_IS_UNDEFINED o.a.coyote.http11.Http11NioProtocol -  Starting ProtocolHandler ["http-nio-8080"]
2022-05-20T16:00:04.292+0800 [INFO] springAppName_IS_UNDEFINED o.s.b.w.e.tomcat.TomcatWebServer -  Tomcat started on port(s): 8080 (http) with context path ''
2022-05-20T16:00:04.305+0800 [INFO] springAppName_IS_UNDEFINED com.example.demo.DemoApplication -  Started DemoApplication in 3.75 seconds (JVM running for 5.604)
2022-05-20T16:00:38.572+0800 [INFO] springAppName_IS_UNDEFINED o.a.c.c.C.[Tomcat].[localhost].[/] -  Initializing Spring DispatcherServlet 'dispatcherServlet'
2022-05-20T16:00:38.573+0800 [INFO] springAppName_IS_UNDEFINED o.s.web.servlet.DispatcherServlet -  Initializing Servlet 'dispatcherServlet'
2022-05-20T16:00:38.574+0800 [INFO] springAppName_IS_UNDEFINED o.s.web.servlet.DispatcherServlet -  Completed initialization in 1 ms
2022-05-20T16:01:05.467+0800 [INFO] springAppName_IS_UNDEFINED c.g.f.l.i.RequestLogInterceptor - 11111 request, method: POST, URI: /post, queryString: car=haahah 
 contentType: application/json 
 headers: host localhost:8080connection keep-alivecontent-length 32sec-ch-ua " Not A;Brand";v="99", "Chromium";v="101", "Google Chrome";v="101"sec-ch-ua-mobile ?0user-agent Mozilla/5.0 (Macintosh; Intel Mac OS X 10_15_7) AppleWebKit/537.36 (KHTML, like Gecko) Chrome/101.0.4951.64 Safari/537.36content-type application/jsoncache-control no-cachepostman-token bd965561-d928-c165-4758-386d0e3f95f9x-request-id 11111sec-ch-ua-platform "macOS"accept */*origin chrome-extension://fhbjgbiflinjbdggehcddcbncdddomopsec-fetch-site nonesec-fetch-mode corssec-fetch-dest emptyaccept-encoding gzip, deflate, braccept-language zh-CN,zh;q=0.9,en;q=0.8 
 content: {
	"name": "jiang",
	"age": 18
}
2022-05-20T16:01:05.477+0800 [INFO] springAppName_IS_UNDEFINED c.g.f.l.i.RequestLogInterceptor - 11111 response:  success: haahahjiang 
2022-05-20T16:02:00.474+0800 [INFO] springAppName_IS_UNDEFINED com.example.demo.DemoApplication -  Starting DemoApplication using Java 1.8.0_91 on localhost with PID 8540 (/Users/jiangjiankang/java/demo/target/classes started by jiangjiankang in /Users/jiangjiankang/java/demo)
2022-05-20T16:02:00.476+0800 [INFO] springAppName_IS_UNDEFINED com.example.demo.DemoApplication -  No active profile set, falling back to 1 default profile: "default"
2022-05-20T16:02:02.506+0800 [INFO] springAppName_IS_UNDEFINED o.s.b.w.e.tomcat.TomcatWebServer -  Tomcat initialized with port(s): 8080 (http)
2022-05-20T16:02:02.518+0800 [INFO] springAppName_IS_UNDEFINED o.a.coyote.http11.Http11NioProtocol -  Initializing ProtocolHandler ["http-nio-8080"]
2022-05-20T16:02:02.519+0800 [INFO] springAppName_IS_UNDEFINED o.a.catalina.core.StandardService -  Starting service [Tomcat]
2022-05-20T16:02:02.519+0800 [INFO] springAppName_IS_UNDEFINED o.a.catalina.core.StandardEngine -  Starting Servlet engine: [Apache Tomcat/9.0.62]
2022-05-20T16:02:02.660+0800 [INFO] springAppName_IS_UNDEFINED o.a.c.c.C.[Tomcat].[localhost].[/] -  Initializing Spring embedded WebApplicationContext
2022-05-20T16:02:02.660+0800 [INFO] springAppName_IS_UNDEFINED o.s.b.w.s.c.ServletWebServerApplicationContext -  Root WebApplicationContext: initialization completed in 2054 ms
2022-05-20T16:02:03.263+0800 [INFO] springAppName_IS_UNDEFINED o.a.coyote.http11.Http11NioProtocol -  Starting ProtocolHandler ["http-nio-8080"]
2022-05-20T16:02:03.300+0800 [INFO] springAppName_IS_UNDEFINED o.s.b.w.e.tomcat.TomcatWebServer -  Tomcat started on port(s): 8080 (http) with context path ''
2022-05-20T16:02:03.315+0800 [INFO] springAppName_IS_UNDEFINED com.example.demo.DemoApplication -  Started DemoApplication in 4.196 seconds (JVM running for 6.154)
2022-05-20T16:02:15.579+0800 [INFO] springAppName_IS_UNDEFINED o.a.c.c.C.[Tomcat].[localhost].[/] -  Initializing Spring DispatcherServlet 'dispatcherServlet'
2022-05-20T16:02:15.580+0800 [INFO] springAppName_IS_UNDEFINED o.s.web.servlet.DispatcherServlet -  Initializing Servlet 'dispatcherServlet'
2022-05-20T16:02:15.581+0800 [INFO] springAppName_IS_UNDEFINED o.s.web.servlet.DispatcherServlet -  Completed initialization in 1 ms
2022-05-20T16:02:29.295+0800 [INFO] springAppName_IS_UNDEFINED c.g.f.l.i.RequestLogInterceptor - 11111 request, method: POST, URI: /post, queryString: car=haahah 
 contentType: application/json 
 headers: host localhost:8080connection keep-alivecontent-length 32sec-ch-ua " Not A;Brand";v="99", "Chromium";v="101", "Google Chrome";v="101"sec-ch-ua-mobile ?0user-agent Mozilla/5.0 (Macintosh; Intel Mac OS X 10_15_7) AppleWebKit/537.36 (KHTML, like Gecko) Chrome/101.0.4951.64 Safari/537.36content-type application/jsoncache-control no-cachepostman-token 8dae53b0-87a1-f1ef-01c4-52c60c8898fex-request-id 11111sec-ch-ua-platform "macOS"accept */*origin chrome-extension://fhbjgbiflinjbdggehcddcbncdddomopsec-fetch-site nonesec-fetch-mode corssec-fetch-dest emptyaccept-encoding gzip, deflate, braccept-language zh-CN,zh;q=0.9,en;q=0.8 
 content: {
	"name": "jiang",
	"age": 18
}
2022-05-20T16:02:29.297+0800 [INFO] springAppName_IS_UNDEFINED c.g.f.l.i.RequestLogInterceptor - 11111 response:  success: haahahjiang 
2022-05-20T16:51:42.683+0800 [INFO] springAppName_IS_UNDEFINED com.example.demo.DemoApplication -  Starting DemoApplication using Java 1.8.0_91 on localhost with PID 12617 (/Users/jiangjiankang/java/demo/target/classes started by jiangjiankang in /Users/jiangjiankang/java/demo)
2022-05-20T16:51:42.690+0800 [INFO] springAppName_IS_UNDEFINED com.example.demo.DemoApplication -  No active profile set, falling back to 1 default profile: "default"
2022-05-20T16:51:45.161+0800 [INFO] springAppName_IS_UNDEFINED o.s.b.w.e.tomcat.TomcatWebServer -  Tomcat initialized with port(s): 8080 (http)
2022-05-20T16:51:45.173+0800 [INFO] springAppName_IS_UNDEFINED o.a.coyote.http11.Http11NioProtocol -  Initializing ProtocolHandler ["http-nio-8080"]
2022-05-20T16:51:45.174+0800 [INFO] springAppName_IS_UNDEFINED o.a.catalina.core.StandardService -  Starting service [Tomcat]
2022-05-20T16:51:45.174+0800 [INFO] springAppName_IS_UNDEFINED o.a.catalina.core.StandardEngine -  Starting Servlet engine: [Apache Tomcat/9.0.62]
2022-05-20T16:51:45.309+0800 [INFO] springAppName_IS_UNDEFINED o.a.c.c.C.[Tomcat].[localhost].[/] -  Initializing Spring embedded WebApplicationContext
2022-05-20T16:51:45.309+0800 [INFO] springAppName_IS_UNDEFINED o.s.b.w.s.c.ServletWebServerApplicationContext -  Root WebApplicationContext: initialization completed in 2315 ms
2022-05-20T16:51:45.888+0800 [INFO] springAppName_IS_UNDEFINED o.a.coyote.http11.Http11NioProtocol -  Starting ProtocolHandler ["http-nio-8080"]
2022-05-20T16:51:45.921+0800 [INFO] springAppName_IS_UNDEFINED o.s.b.w.e.tomcat.TomcatWebServer -  Tomcat started on port(s): 8080 (http) with context path ''
2022-05-20T16:51:45.932+0800 [INFO] springAppName_IS_UNDEFINED com.example.demo.DemoApplication -  Started DemoApplication in 4.696 seconds (JVM running for 6.637)
2022-05-20T16:51:59.806+0800 [INFO] springAppName_IS_UNDEFINED o.a.c.c.C.[Tomcat].[localhost].[/] -  Initializing Spring DispatcherServlet 'dispatcherServlet'
2022-05-20T16:51:59.807+0800 [INFO] springAppName_IS_UNDEFINED o.s.web.servlet.DispatcherServlet -  Initializing Servlet 'dispatcherServlet'
2022-05-20T16:51:59.808+0800 [INFO] springAppName_IS_UNDEFINED o.s.web.servlet.DispatcherServlet -  Completed initialization in 1 ms
2022-05-20T16:52:00.381+0800 [WARN] springAppName_IS_UNDEFINED o.s.w.s.m.s.DefaultHandlerExceptionResolver - 11111 Resolved [org.springframework.http.converter.HttpMessageNotReadableException: JSON parse error: Unexpected character ('-' (code 45)) in numeric value: expected digit (0-9) to follow minus sign, for valid numeric value; nested exception is com.fasterxml.jackson.core.JsonParseException: Unexpected character ('-' (code 45)) in numeric value: expected digit (0-9) to follow minus sign, for valid numeric value<EOL> at [Source: (org.springframework.util.StreamUtils$NonClosingInputStream); line: 1, column: 3]]
2022-05-20T16:52:00.383+0800 [INFO] springAppName_IS_UNDEFINED c.g.f.l.i.RequestLogInterceptor - 11111 request, method: POST, URI: /post, queryString: car=haahah 
 contentType: application/json 
 content: ------WebKitFormBoundary6WW3UYh2OCZHGyTu
Content-Disposition: form-data; name="name"

j
------WebKitFormBoundary6WW3UYh2OCZHGyTu
Content-Disposition: form-data; name="age"

10000
------WebKitFormBoundary6WW3UYh2OCZHGyTu--

2022-05-20T16:52:00.386+0800 [INFO] springAppName_IS_UNDEFINED c.g.f.l.i.RequestLogInterceptor - 11111 response:   
2022-05-20T16:53:40.789+0800 [INFO] springAppName_IS_UNDEFINED com.example.demo.DemoApplication -  Starting DemoApplication using Java 1.8.0_91 on localhost with PID 12768 (/Users/jiangjiankang/java/demo/target/classes started by jiangjiankang in /Users/jiangjiankang/java/demo)
2022-05-20T16:53:40.792+0800 [INFO] springAppName_IS_UNDEFINED com.example.demo.DemoApplication -  No active profile set, falling back to 1 default profile: "default"
2022-05-20T16:53:42.769+0800 [INFO] springAppName_IS_UNDEFINED o.s.b.w.e.tomcat.TomcatWebServer -  Tomcat initialized with port(s): 8080 (http)
2022-05-20T16:53:42.779+0800 [INFO] springAppName_IS_UNDEFINED o.a.coyote.http11.Http11NioProtocol -  Initializing ProtocolHandler ["http-nio-8080"]
2022-05-20T16:53:42.780+0800 [INFO] springAppName_IS_UNDEFINED o.a.catalina.core.StandardService -  Starting service [Tomcat]
2022-05-20T16:53:42.780+0800 [INFO] springAppName_IS_UNDEFINED o.a.catalina.core.StandardEngine -  Starting Servlet engine: [Apache Tomcat/9.0.62]
2022-05-20T16:53:42.924+0800 [INFO] springAppName_IS_UNDEFINED o.a.c.c.C.[Tomcat].[localhost].[/] -  Initializing Spring embedded WebApplicationContext
2022-05-20T16:53:42.925+0800 [INFO] springAppName_IS_UNDEFINED o.s.b.w.s.c.ServletWebServerApplicationContext -  Root WebApplicationContext: initialization completed in 1890 ms
2022-05-20T16:53:43.553+0800 [INFO] springAppName_IS_UNDEFINED o.a.coyote.http11.Http11NioProtocol -  Starting ProtocolHandler ["http-nio-8080"]
2022-05-20T16:53:43.591+0800 [INFO] springAppName_IS_UNDEFINED o.s.b.w.e.tomcat.TomcatWebServer -  Tomcat started on port(s): 8080 (http) with context path ''
2022-05-20T16:53:43.605+0800 [INFO] springAppName_IS_UNDEFINED com.example.demo.DemoApplication -  Started DemoApplication in 4.303 seconds (JVM running for 6.023)
2022-05-20T16:53:57.806+0800 [INFO] springAppName_IS_UNDEFINED o.a.c.c.C.[Tomcat].[localhost].[/] -  Initializing Spring DispatcherServlet 'dispatcherServlet'
2022-05-20T16:53:57.806+0800 [INFO] springAppName_IS_UNDEFINED o.s.web.servlet.DispatcherServlet -  Initializing Servlet 'dispatcherServlet'
2022-05-20T16:53:57.807+0800 [INFO] springAppName_IS_UNDEFINED o.s.web.servlet.DispatcherServlet -  Completed initialization in 1 ms
2022-05-20T16:56:00.835+0800 [WARN] springAppName_IS_UNDEFINED o.s.w.s.m.s.DefaultHandlerExceptionResolver - 11111 Resolved [org.springframework.http.converter.HttpMessageNotReadableException: JSON parse error: Unexpected character ('-' (code 45)) in numeric value: expected digit (0-9) to follow minus sign, for valid numeric value; nested exception is com.fasterxml.jackson.core.JsonParseException: Unexpected character ('-' (code 45)) in numeric value: expected digit (0-9) to follow minus sign, for valid numeric value<EOL> at [Source: (org.springframework.util.StreamUtils$NonClosingInputStream); line: 1, column: 3]]
2022-05-20T16:56:04.509+0800 [INFO] springAppName_IS_UNDEFINED c.g.f.l.i.RequestLogInterceptor - 11111 request, method: POST, URI: /post, queryString: car=haahah 
 contentType: application/json 
 content: ------WebKitFormBoundaryA9yI71UurUDjrbnc
Content-Disposition: form-data; name="name"

j
------WebKitFormBoundaryA9yI71UurUDjrbnc
Content-Disposition: form-data; name="age"

10000
------WebKitFormBoundaryA9yI71UurUDjrbnc--

2022-05-20T16:56:04.511+0800 [INFO] springAppName_IS_UNDEFINED c.g.f.l.i.RequestLogInterceptor - 11111 response:   
2022-05-20T16:58:18.035+0800 [WARN] springAppName_IS_UNDEFINED o.s.w.s.m.s.DefaultHandlerExceptionResolver - 11111 Resolved [org.springframework.web.HttpMediaTypeNotSupportedException: Content type 'application/x-www-form-urlencoded;charset=UTF-8' not supported]
2022-05-20T16:58:18.036+0800 [INFO] springAppName_IS_UNDEFINED c.g.f.l.i.RequestLogInterceptor - 11111 request, method: POST, URI: /post, queryString: car=haahah 
 contentType: application/x-www-form-urlencoded 
 content: car=haahah&------WebKitFormBoundaryYrRbSPtLouDXjH4r%0D%0AContent-Disposition%3A+form-data%3B+name=%22name%22%0D%0A%0D%0Aj%0D%0A------WebKitFormBoundaryYrRbSPtLouDXjH4r%0D%0AContent-Disposition%3A+form-data%3B+name%3D%22age%22%0D%0A%0D%0A10000%0D%0A------WebKitFormBoundaryYrRbSPtLouDXjH4r--%0D%0A
2022-05-20T16:58:18.036+0800 [INFO] springAppName_IS_UNDEFINED c.g.f.l.i.RequestLogInterceptor - 11111 response:   
